<?xml version="1.0" encoding="UTF-8"?>
<coverage generated="1776201236595" clover="3.2.0">
  <project timestamp="1776201236595" name="All files">
    <metrics statements="436" coveredstatements="121" conditionals="380" coveredconditionals="76" methods="62" coveredmethods="7" elements="878" coveredelements="204" complexity="0" loc="436" ncloc="436" packages="1" files="1" classes="1"/>
    <file name="openaiService.js" path="C:\Users\Youssef\OneDrive\Desktop\EduVisionAI\backend\services\openaiService.js">
      <metrics statements="436" coveredstatements="121" conditionals="380" coveredconditionals="76" methods="62" coveredmethods="7"/>
      <line num="1" count="1" type="stmt"/>
      <line num="2" count="1" type="stmt"/>
      <line num="5" count="1" type="stmt"/>
      <line num="6" count="1" type="stmt"/>
      <line num="9" count="0" type="cond" truecount="0" falsecount="2"/>
      <line num="10" count="0" type="cond" truecount="0" falsecount="3"/>
      <line num="11" count="0" type="stmt"/>
      <line num="13" count="0" type="cond" truecount="0" falsecount="2"/>
      <line num="14" count="0" type="stmt"/>
      <line num="15" count="0" type="stmt"/>
      <line num="18" count="0" type="stmt"/>
      <line num="19" count="0" type="cond" truecount="0" falsecount="2"/>
      <line num="20" count="0" type="stmt"/>
      <line num="25" count="0" type="stmt"/>
      <line num="26" count="0" type="cond" truecount="0" falsecount="2"/>
      <line num="27" count="0" type="stmt"/>
      <line num="31" count="0" type="cond" truecount="0" falsecount="2"/>
      <line num="32" count="0" type="stmt"/>
      <line num="33" count="0" type="stmt"/>
      <line num="34" count="0" type="stmt"/>
      <line num="38" count="1" type="stmt"/>
      <line num="40" count="0" type="stmt"/>
      <line num="41" count="0" type="cond" truecount="0" falsecount="2"/>
      <line num="49" count="1" type="stmt"/>
      <line num="51" count="1" type="stmt"/>
      <line num="53" count="1" type="stmt"/>
      <line num="55" count="1" type="stmt"/>
      <line num="57" count="1" type="stmt"/>
      <line num="61" count="0" type="stmt"/>
      <line num="62" count="0" type="stmt"/>
      <line num="63" count="0" type="stmt"/>
      <line num="65" count="0" type="cond" truecount="0" falsecount="2"/>
      <line num="66" count="0" type="cond" truecount="0" falsecount="2"/>
      <line num="67" count="0" type="stmt"/>
      <line num="68" count="0" type="stmt"/>
      <line num="70" count="0" type="stmt"/>
      <line num="73" count="0" type="stmt"/>
      <line num="74" count="0" type="cond" truecount="0" falsecount="2"/>
      <line num="76" count="0" type="cond" truecount="0" falsecount="5"/>
      <line num="78" count="0" type="cond" truecount="0" falsecount="4"/>
      <line num="79" count="0" type="stmt"/>
      <line num="80" count="0" type="cond" truecount="0" falsecount="2"/>
      <line num="84" count="0" type="cond" truecount="0" falsecount="2"/>
      <line num="85" count="0" type="stmt"/>
      <line num="86" count="0" type="stmt"/>
      <line num="90" count="0" type="cond" truecount="0" falsecount="4"/>
      <line num="91" count="0" type="stmt"/>
      <line num="93" count="0" type="stmt"/>
      <line num="96" count="0" type="stmt"/>
      <line num="105" count="9" type="cond" truecount="2" falsecount="0"/>
      <line num="106" count="9" type="cond" truecount="2" falsecount="0"/>
      <line num="109" count="9" type="cond" truecount="6" falsecount="0"/>
      <line num="110" count="8" type="cond" truecount="4" falsecount="0"/>
      <line num="113" count="7" type="cond" truecount="5" falsecount="0"/>
      <line num="114" count="1" type="stmt"/>
      <line num="117" count="6" type="cond" truecount="2" falsecount="0"/>
      <line num="119" count="3" type="cond" truecount="2" falsecount="0"/>
      <line num="123" count="3" type="cond" truecount="1" falsecount="1"/>
      <line num="124" count="3" type="cond" truecount="2" falsecount="0"/>
      <line num="125" count="3" type="cond" truecount="2" falsecount="0"/>
      <line num="126" count="3" type="stmt"/>
      <line num="128" count="3" type="cond" truecount="1" falsecount="3"/>
      <line num="131" count="3" type="cond" truecount="4" falsecount="0"/>
      <line num="134" count="1" type="cond" truecount="1" falsecount="1"/>
      <line num="137" count="1" type="cond" truecount="2" falsecount="2"/>
      <line num="139" count="1" type="stmt"/>
      <line num="144" count="7" type="cond" truecount="2" falsecount="0"/>
      <line num="145" count="5" type="stmt"/>
      <line num="147" count="5" type="cond" truecount="1" falsecount="1"/>
      <line num="150" count="5" type="stmt"/>
      <line num="169" count="5" type="stmt"/>
      <line num="170" count="6" type="stmt"/>
      <line num="172" count="6" type="cond" truecount="4" falsecount="0"/>
      <line num="174" count="2" type="cond" truecount="1" falsecount="1"/>
      <line num="176" count="2" type="cond" truecount="1" falsecount="1"/>
      <line num="178" count="2" type="stmt"/>
      <line num="183" count="5" type="stmt"/>
      <line num="184" count="5" type="stmt"/>
      <line num="189" count="4" type="cond" truecount="4" falsecount="0"/>
      <line num="190" count="1" type="stmt"/>
      <line num="195" count="6" type="cond" truecount="4" falsecount="0"/>
      <line num="198" count="3" type="cond" truecount="1" falsecount="1"/>
      <line num="199" count="3" type="stmt"/>
      <line num="201" count="3" type="stmt"/>
      <line num="202" count="3" type="stmt"/>
      <line num="203" count="3" type="cond" truecount="2" falsecount="0"/>
      <line num="204" count="94" type="stmt"/>
      <line num="205" count="94" type="stmt"/>
      <line num="208" count="3" type="stmt"/>
      <line num="209" count="3" type="stmt"/>
      <line num="210" count="3" type="stmt"/>
      <line num="211" count="3" type="cond" truecount="2" falsecount="0"/>
      <line num="212" count="94" type="stmt"/>
      <line num="213" count="94" type="stmt"/>
      <line num="216" count="3" type="stmt"/>
      <line num="217" count="3" type="stmt"/>
      <line num="218" count="3" type="stmt"/>
      <line num="219" count="3" type="cond" truecount="2" falsecount="0"/>
      <line num="220" count="94" type="stmt"/>
      <line num="221" count="94" type="stmt"/>
      <line num="222" count="94" type="stmt"/>
      <line num="225" count="3" type="stmt"/>
      <line num="233" count="0" type="cond" truecount="0" falsecount="4"/>
      <line num="235" count="0" type="stmt"/>
      <line num="236" count="0" type="stmt"/>
      <line num="239" count="0" type="cond" truecount="0" falsecount="2"/>
      <line num="240" count="0" type="stmt"/>
      <line num="241" count="0" type="stmt"/>
      <line num="244" count="0" type="stmt"/>
      <line num="246" count="0" type="stmt"/>
      <line num="247" count="0" type="stmt"/>
      <line num="248" count="0" type="stmt"/>
      <line num="249" count="0" type="stmt"/>
      <line num="251" count="0" type="stmt"/>
      <line num="252" count="0" type="stmt"/>
      <line num="254" count="0" type="cond" truecount="0" falsecount="2"/>
      <line num="255" count="0" type="stmt"/>
      <line num="258" count="0" type="cond" truecount="0" falsecount="2"/>
      <line num="261" count="0" type="cond" truecount="0" falsecount="2"/>
      <line num="262" count="0" type="stmt"/>
      <line num="263" count="0" type="stmt"/>
      <line num="267" count="0" type="cond" truecount="0" falsecount="2"/>
      <line num="272" count="13" type="cond" truecount="4" falsecount="0"/>
      <line num="273" count="10" type="stmt"/>
      <line num="276" count="10" type="stmt"/>
      <line num="277" count="10" type="stmt"/>
      <line num="280" count="10" type="stmt"/>
      <line num="283" count="10" type="stmt"/>
      <line num="284" count="10" type="stmt"/>
      <line num="285" count="10" type="stmt"/>
      <line num="286" count="10" type="stmt"/>
      <line num="289" count="10" type="stmt"/>
      <line num="290" count="10" type="stmt"/>
      <line num="291" count="10" type="stmt"/>
      <line num="292" count="10" type="stmt"/>
      <line num="293" count="10" type="stmt"/>
      <line num="294" count="10" type="stmt"/>
      <line num="295" count="10" type="stmt"/>
      <line num="296" count="10" type="stmt"/>
      <line num="297" count="10" type="stmt"/>
      <line num="298" count="10" type="stmt"/>
      <line num="299" count="10" type="stmt"/>
      <line num="300" count="10" type="stmt"/>
      <line num="301" count="10" type="stmt"/>
      <line num="302" count="10" type="stmt"/>
      <line num="303" count="10" type="stmt"/>
      <line num="306" count="10" type="stmt"/>
      <line num="307" count="10" type="stmt"/>
      <line num="310" count="10" type="stmt"/>
      <line num="311" count="10" type="stmt"/>
      <line num="314" count="10" type="stmt"/>
      <line num="317" count="10" type="stmt"/>
      <line num="320" count="10" type="stmt"/>
      <line num="321" count="10" type="stmt"/>
      <line num="322" count="10" type="stmt"/>
      <line num="324" count="10" type="stmt"/>
      <line num="329" count="10" type="cond" truecount="2" falsecount="0"/>
      <line num="330" count="8" type="stmt"/>
      <line num="333" count="8" type="stmt"/>
      <line num="336" count="8" type="stmt"/>
      <line num="340" count="4" type="stmt"/>
      <line num="341" count="4" type="cond" truecount="2" falsecount="0"/>
      <line num="342" count="2" type="stmt"/>
      <line num="343" count="2" type="stmt"/>
      <line num="344" count="2" type="stmt"/>
      <line num="348" count="2" type="stmt"/>
      <line num="349" count="2" type="cond" truecount="2" falsecount="0"/>
      <line num="350" count="1" type="stmt"/>
      <line num="351" count="1" type="stmt"/>
      <line num="352" count="1" type="stmt"/>
      <line num="358" count="1" type="cond" truecount="2" falsecount="2"/>
      <line num="359" count="0" type="stmt"/>
      <line num="360" count="0" type="stmt"/>
      <line num="361" count="0" type="stmt"/>
      <line num="362" count="0" type="cond" truecount="0" falsecount="4"/>
      <line num="363" count="0" type="stmt"/>
      <line num="364" count="0" type="stmt"/>
      <line num="369" count="1" type="stmt"/>
      <line num="370" count="1" type="stmt"/>
      <line num="375" count="0" type="cond" truecount="0" falsecount="4"/>
      <line num="376" count="0" type="cond" truecount="0" falsecount="2"/>
      <line num="377" count="0" type="stmt"/>
      <line num="385" count="0" type="stmt"/>
      <line num="392" count="0" type="stmt"/>
      <line num="393" count="0" type="cond" truecount="0" falsecount="2"/>
      <line num="396" count="0" type="cond" truecount="0" falsecount="1"/>
      <line num="397" count="0" type="stmt"/>
      <line num="402" count="0" type="cond" truecount="0" falsecount="2"/>
      <line num="403" count="0" type="stmt"/>
      <line num="404" count="0" type="stmt"/>
      <line num="405" count="0" type="cond" truecount="0" falsecount="2"/>
      <line num="406" count="0" type="stmt"/>
      <line num="407" count="0" type="stmt"/>
      <line num="409" count="0" type="stmt"/>
      <line num="411" count="0" type="stmt"/>
      <line num="414" count="0" type="stmt"/>
      <line num="415" count="0" type="cond" truecount="0" falsecount="2"/>
      <line num="416" count="0" type="cond" truecount="0" falsecount="4"/>
      <line num="420" count="0" type="cond" truecount="0" falsecount="2"/>
      <line num="421" count="0" type="stmt"/>
      <line num="422" count="0" type="stmt"/>
      <line num="426" count="0" type="cond" truecount="0" falsecount="4"/>
      <line num="427" count="0" type="stmt"/>
      <line num="428" count="0" type="stmt"/>
      <line num="431" count="0" type="cond" truecount="0" falsecount="2"/>
      <line num="436" count="0" type="cond" truecount="0" falsecount="2"/>
      <line num="437" count="0" type="stmt"/>
      <line num="438" count="0" type="stmt"/>
      <line num="439" count="0" type="stmt"/>
      <line num="440" count="0" type="stmt"/>
      <line num="444" count="0" type="cond" truecount="0" falsecount="4"/>
      <line num="445" count="0" type="stmt"/>
      <line num="446" count="0" type="stmt"/>
      <line num="449" count="0" type="cond" truecount="0" falsecount="2"/>
      <line num="454" count="0" type="cond" truecount="0" falsecount="2"/>
      <line num="455" count="0" type="stmt"/>
      <line num="456" count="0" type="stmt"/>
      <line num="457" count="0" type="stmt"/>
      <line num="458" count="0" type="stmt"/>
      <line num="459" count="0" type="stmt"/>
      <line num="460" count="0" type="stmt"/>
      <line num="464" count="0" type="cond" truecount="0" falsecount="4"/>
      <line num="465" count="0" type="stmt"/>
      <line num="466" count="0" type="stmt"/>
      <line num="469" count="0" type="stmt"/>
      <line num="470" count="0" type="cond" truecount="0" falsecount="2"/>
      <line num="475" count="0" type="stmt"/>
      <line num="477" count="0" type="stmt"/>
      <line num="478" count="0" type="stmt"/>
      <line num="484" count="0" type="stmt"/>
      <line num="485" count="0" type="stmt"/>
      <line num="487" count="0" type="stmt"/>
      <line num="488" count="0" type="stmt"/>
      <line num="489" count="0" type="stmt"/>
      <line num="490" count="0" type="stmt"/>
      <line num="491" count="0" type="cond" truecount="0" falsecount="2"/>
      <line num="493" count="0" type="stmt"/>
      <line num="509" count="0" type="cond" truecount="0" falsecount="2"/>
      <line num="513" count="0" type="stmt"/>
      <line num="528" count="0" type="stmt"/>
      <line num="529" count="0" type="stmt"/>
      <line num="530" count="0" type="stmt"/>
      <line num="531" count="0" type="stmt"/>
      <line num="533" count="0" type="stmt"/>
      <line num="534" count="0" type="stmt"/>
      <line num="540" count="0" type="cond" truecount="0" falsecount="2"/>
      <line num="541" count="0" type="stmt"/>
      <line num="543" count="0" type="stmt"/>
      <line num="544" count="0" type="stmt"/>
      <line num="545" count="0" type="cond" truecount="0" falsecount="2"/>
      <line num="546" count="0" type="cond" truecount="0" falsecount="2"/>
      <line num="548" count="0" type="stmt"/>
      <line num="550" count="0" type="cond" truecount="0" falsecount="2"/>
      <line num="582" count="0" type="stmt"/>
      <line num="592" count="0" type="stmt"/>
      <line num="593" count="0" type="stmt"/>
      <line num="596" count="0" type="stmt"/>
      <line num="599" count="0" type="stmt"/>
      <line num="600" count="0" type="stmt"/>
      <line num="601" count="0" type="cond" truecount="0" falsecount="2"/>
      <line num="604" count="0" type="cond" truecount="0" falsecount="4"/>
      <line num="605" count="0" type="stmt"/>
      <line num="606" count="0" type="stmt"/>
      <line num="607" count="0" type="stmt"/>
      <line num="608" count="0" type="cond" truecount="0" falsecount="4"/>
      <line num="610" count="0" type="stmt"/>
      <line num="611" count="0" type="stmt"/>
      <line num="613" count="0" type="stmt"/>
      <line num="614" count="0" type="cond" truecount="0" falsecount="2"/>
      <line num="620" count="0" type="cond" truecount="0" falsecount="2"/>
      <line num="621" count="0" type="stmt"/>
      <line num="623" count="0" type="stmt"/>
      <line num="624" count="0" type="stmt"/>
      <line num="625" count="0" type="cond" truecount="0" falsecount="2"/>
      <line num="626" count="0" type="cond" truecount="0" falsecount="2"/>
      <line num="629" count="0" type="stmt"/>
      <line num="631" count="0" type="cond" truecount="0" falsecount="2"/>
      <line num="665" count="0" type="stmt"/>
      <line num="667" count="0" type="stmt"/>
      <line num="677" count="0" type="stmt"/>
      <line num="678" count="0" type="stmt"/>
      <line num="681" count="0" type="stmt"/>
      <line num="684" count="0" type="stmt"/>
      <line num="685" count="0" type="stmt"/>
      <line num="686" count="0" type="cond" truecount="0" falsecount="2"/>
      <line num="689" count="0" type="cond" truecount="0" falsecount="4"/>
      <line num="690" count="0" type="stmt"/>
      <line num="691" count="0" type="stmt"/>
      <line num="692" count="0" type="stmt"/>
      <line num="693" count="0" type="cond" truecount="0" falsecount="4"/>
      <line num="695" count="0" type="stmt"/>
      <line num="696" count="0" type="stmt"/>
      <line num="698" count="0" type="stmt"/>
      <line num="699" count="0" type="cond" truecount="0" falsecount="3"/>
      <line num="700" count="0" type="cond" truecount="0" falsecount="2"/>
      <line num="706" count="0" type="stmt"/>
      <line num="707" count="0" type="stmt"/>
      <line num="708" count="0" type="cond" truecount="0" falsecount="2"/>
      <line num="709" count="0" type="stmt"/>
      <line num="711" count="0" type="stmt"/>
      <line num="712" count="0" type="stmt"/>
      <line num="713" count="0" type="stmt"/>
      <line num="715" count="0" type="cond" truecount="0" falsecount="2"/>
      <line num="744" count="0" type="stmt"/>
      <line num="746" count="0" type="stmt"/>
      <line num="747" count="0" type="stmt"/>
      <line num="750" count="0" type="stmt"/>
      <line num="762" count="0" type="stmt"/>
      <line num="763" count="0" type="stmt"/>
      <line num="766" count="0" type="stmt"/>
      <line num="769" count="0" type="cond" truecount="0" falsecount="2"/>
      <line num="770" count="0" type="stmt"/>
      <line num="771" count="0" type="cond" truecount="0" falsecount="4"/>
      <line num="774" count="0" type="cond" truecount="0" falsecount="5"/>
      <line num="775" count="0" type="cond" truecount="0" falsecount="2"/>
      <line num="776" count="0" type="cond" truecount="0" falsecount="2"/>
      <line num="777" count="0" type="cond" truecount="0" falsecount="2"/>
      <line num="778" count="0" type="stmt"/>
      <line num="782" count="0" type="cond" truecount="0" falsecount="4"/>
      <line num="784" count="0" type="stmt"/>
      <line num="785" count="0" type="cond" truecount="0" falsecount="4"/>
      <line num="787" count="0" type="cond" truecount="0" falsecount="4"/>
      <line num="788" count="0" type="stmt"/>
      <line num="789" count="0" type="cond" truecount="0" falsecount="2"/>
      <line num="790" count="0" type="stmt"/>
      <line num="791" count="0" type="cond" truecount="0" falsecount="2"/>
      <line num="793" count="0" type="cond" truecount="0" falsecount="2"/>
      <line num="795" count="0" type="cond" truecount="0" falsecount="2"/>
      <line num="797" count="0" type="stmt"/>
      <line num="798" count="0" type="stmt"/>
      <line num="801" count="0" type="stmt"/>
      <line num="803" count="0" type="stmt"/>
      <line num="804" count="0" type="cond" truecount="0" falsecount="3"/>
      <line num="805" count="0" type="stmt"/>
      <line num="814" count="0" type="cond" truecount="0" falsecount="2"/>
      <line num="815" count="0" type="stmt"/>
      <line num="817" count="0" type="stmt"/>
      <line num="818" count="0" type="stmt"/>
      <line num="819" count="0" type="cond" truecount="0" falsecount="4"/>
      <line num="820" count="0" type="stmt"/>
      <line num="822" count="0" type="stmt"/>
      <line num="824" count="0" type="cond" truecount="0" falsecount="2"/>
      <line num="866" count="0" type="stmt"/>
      <line num="868" count="0" type="stmt"/>
      <line num="869" count="0" type="stmt"/>
      <line num="879" count="0" type="stmt"/>
      <line num="882" count="0" type="stmt"/>
      <line num="883" count="0" type="stmt"/>
      <line num="886" count="0" type="stmt"/>
      <line num="889" count="0" type="cond" truecount="0" falsecount="2"/>
      <line num="890" count="0" type="stmt"/>
      <line num="891" count="0" type="cond" truecount="0" falsecount="5"/>
      <line num="893" count="0" type="stmt"/>
      <line num="894" count="0" type="cond" truecount="0" falsecount="5"/>
      <line num="895" count="0" type="cond" truecount="0" falsecount="2"/>
      <line num="899" count="0" type="cond" truecount="0" falsecount="2"/>
      <line num="900" count="0" type="stmt"/>
      <line num="901" count="0" type="cond" truecount="0" falsecount="4"/>
      <line num="902" count="0" type="stmt"/>
      <line num="903" count="0" type="stmt"/>
      <line num="904" count="0" type="cond" truecount="0" falsecount="2"/>
      <line num="905" count="0" type="stmt"/>
      <line num="909" count="0" type="stmt"/>
      <line num="910" count="0" type="stmt"/>
      <line num="912" count="0" type="stmt"/>
      <line num="915" count="0" type="stmt"/>
      <line num="916" count="0" type="stmt"/>
      <line num="922" count="0" type="cond" truecount="0" falsecount="2"/>
      <line num="923" count="0" type="stmt"/>
      <line num="925" count="0" type="stmt"/>
      <line num="926" count="0" type="stmt"/>
      <line num="927" count="0" type="cond" truecount="0" falsecount="4"/>
      <line num="928" count="0" type="stmt"/>
      <line num="930" count="0" type="stmt"/>
      <line num="932" count="0" type="cond" truecount="0" falsecount="2"/>
      <line num="971" count="0" type="stmt"/>
      <line num="973" count="0" type="stmt"/>
      <line num="974" count="0" type="stmt"/>
      <line num="984" count="0" type="stmt"/>
      <line num="987" count="0" type="stmt"/>
      <line num="988" count="0" type="stmt"/>
      <line num="991" count="0" type="stmt"/>
      <line num="994" count="0" type="cond" truecount="0" falsecount="2"/>
      <line num="995" count="0" type="stmt"/>
      <line num="996" count="0" type="cond" truecount="0" falsecount="5"/>
      <line num="998" count="0" type="cond" truecount="0" falsecount="2"/>
      <line num="999" count="0" type="stmt"/>
      <line num="1000" count="0" type="cond" truecount="0" falsecount="4"/>
      <line num="1001" count="0" type="stmt"/>
      <line num="1002" count="0" type="stmt"/>
      <line num="1005" count="0" type="stmt"/>
      <line num="1006" count="0" type="stmt"/>
      <line num="1008" count="0" type="stmt"/>
      <line num="1011" count="0" type="stmt"/>
      <line num="1012" count="0" type="stmt"/>
      <line num="1018" count="0" type="stmt"/>
      <line num="1019" count="0" type="cond" truecount="0" falsecount="4"/>
      <line num="1020" count="0" type="stmt"/>
      <line num="1023" count="0" type="stmt"/>
      <line num="1024" count="0" type="stmt"/>
      <line num="1027" count="0" type="stmt"/>
      <line num="1029" count="0" type="cond" truecount="0" falsecount="2"/>
      <line num="1049" count="0" type="stmt"/>
      <line num="1059" count="0" type="stmt"/>
      <line num="1060" count="0" type="stmt"/>
      <line num="1061" count="0" type="cond" truecount="0" falsecount="2"/>
      <line num="1063" count="0" type="stmt"/>
      <line num="1065" count="0" type="stmt"/>
      <line num="1066" count="0" type="stmt"/>
      <line num="1071" count="0" type="stmt"/>
      <line num="1081" count="0" type="stmt"/>
      <line num="1091" count="0" type="stmt"/>
      <line num="1092" count="0" type="stmt"/>
      <line num="1093" count="0" type="cond" truecount="0" falsecount="2"/>
      <line num="1094" count="0" type="stmt"/>
      <line num="1095" count="0" type="stmt"/>
      <line num="1107" count="0" type="cond" truecount="0" falsecount="2"/>
      <line num="1108" count="0" type="stmt"/>
      <line num="1110" count="0" type="stmt"/>
      <line num="1112" count="0" type="stmt"/>
      <line num="1113" count="0" type="stmt"/>
      <line num="1114" count="0" type="stmt"/>
      <line num="1115" count="0" type="cond" truecount="0" falsecount="2"/>
      <line num="1116" count="0" type="stmt"/>
      <line num="1128" count="0" type="cond" truecount="0" falsecount="2"/>
      <line num="1129" count="0" type="stmt"/>
      <line num="1131" count="0" type="stmt"/>
      <line num="1133" count="0" type="stmt"/>
      <line num="1134" count="0" type="stmt"/>
      <line num="1141" count="1" type="stmt"/>
      <line num="1144" count="1" type="stmt"/>
      <line num="1145" count="1" type="stmt"/>
      <line num="1154" count="1" type="stmt"/>
      <line num="1155" count="1" type="stmt"/>
      <line num="1156" count="1" type="stmt"/>
      <line num="1157" count="1" type="stmt"/>
    </file>
  </project>
</coverage>
