{"C:\\Users\\Youssef\\OneDrive\\Desktop\\EduVisionAI\\backend\\services\\openaiService.js": {"path":"C:\\Users\\Youssef\\OneDrive\\Desktop\\EduVisionAI\\backend\\services\\openaiService.js","statementMap":{"0":{"start":{"line":1,"column":11},"end":{"line":1,"column":24}},"1":{"start":{"line":2,"column":13},"end":{"line":2,"column":32}},"2":{"start":{"line":5,"column":18},"end":{"line":5,"column":20}},"3":{"start":{"line":6,"column":25},"end":{"line":6,"column":26}},"4":{"start":{"line":9,"column":2},"end":{"line":9,"column":37}},"5":{"start":{"line":9,"column":30},"end":{"line":9,"column":37}},"6":{"start":{"line":10,"column":21},"end":{"line":10,"column":80}},"7":{"start":{"line":11,"column":15},"end":{"line":11,"column":70}},"8":{"start":{"line":11,"column":46},"end":{"line":11,"column":54}},"9":{"start":{"line":11,"column":68},"end":{"line":11,"column":69}},"10":{"start":{"line":13,"column":2},"end":{"line":16,"column":3}},"11":{"start":{"line":14,"column":4},"end":{"line":14,"column":47}},"12":{"start":{"line":15,"column":4},"end":{"line":15,"column":11}},"13":{"start":{"line":18,"column":2},"end":{"line":18,"column":59}},"14":{"start":{"line":18,"column":32},"end":{"line":18,"column":57}},"15":{"start":{"line":19,"column":2},"end":{"line":21,"column":3}},"16":{"start":{"line":20,"column":4},"end":{"line":20,"column":90}},"17":{"start":{"line":25,"column":2},"end":{"line":25,"column":20}},"18":{"start":{"line":26,"column":2},"end":{"line":26,"column":44}},"19":{"start":{"line":26,"column":32},"end":{"line":26,"column":44}},"20":{"start":{"line":27,"column":2},"end":{"line":27,"column":41}},"21":{"start":{"line":31,"column":2},"end":{"line":31,"column":44}},"22":{"start":{"line":31,"column":31},"end":{"line":31,"column":44}},"23":{"start":{"line":32,"column":2},"end":{"line":32,"column":69}},"24":{"start":{"line":33,"column":2},"end":{"line":33,"column":98}},"25":{"start":{"line":34,"column":2},"end":{"line":34,"column":14}},"26":{"start":{"line":38,"column":13},"end":{"line":43,"column":2}},"27":{"start":{"line":40,"column":19},"end":{"line":40,"column":28}},"28":{"start":{"line":41,"column":4},"end":{"line":41,"column":45}},"29":{"start":{"line":49,"column":24},"end":{"line":49,"column":49}},"30":{"start":{"line":51,"column":22},"end":{"line":51,"column":47}},"31":{"start":{"line":53,"column":19},"end":{"line":53,"column":41}},"32":{"start":{"line":55,"column":21},"end":{"line":55,"column":51}},"33":{"start":{"line":57,"column":14},"end":{"line":57,"column":27}},"34":{"start":{"line":61,"column":2},"end":{"line":98,"column":3}},"35":{"start":{"line":61,"column":21},"end":{"line":61,"column":22}},"36":{"start":{"line":62,"column":4},"end":{"line":97,"column":5}},"37":{"start":{"line":63,"column":6},"end":{"line":63,"column":24}},"38":{"start":{"line":65,"column":6},"end":{"line":71,"column":7}},"39":{"start":{"line":66,"column":8},"end":{"line":69,"column":9}},"40":{"start":{"line":67,"column":10},"end":{"line":67,"column":82}},"41":{"start":{"line":68,"column":10},"end":{"line":68,"column":36}},"42":{"start":{"line":70,"column":8},"end":{"line":70,"column":20}},"43":{"start":{"line":73,"column":21},"end":{"line":73,"column":49}},"44":{"start":{"line":74,"column":23},"end":{"line":74,"column":58}},"45":{"start":{"line":76,"column":6},"end":{"line":94,"column":7}},"46":{"start":{"line":78,"column":8},"end":{"line":81,"column":9}},"47":{"start":{"line":79,"column":10},"end":{"line":79,"column":60}},"48":{"start":{"line":80,"column":10},"end":{"line":80,"column":52}},"49":{"start":{"line":80,"column":26},"end":{"line":80,"column":52}},"50":{"start":{"line":84,"column":8},"end":{"line":87,"column":9}},"51":{"start":{"line":85,"column":10},"end":{"line":85,"column":82}},"52":{"start":{"line":86,"column":10},"end":{"line":86,"column":19}},"53":{"start":{"line":90,"column":8},"end":{"line":90,"column":76}},"54":{"start":{"line":91,"column":8},"end":{"line":91,"column":126}},"55":{"start":{"line":93,"column":8},"end":{"line":93,"column":80}},"56":{"start":{"line":96,"column":6},"end":{"line":96,"column":66}},"57":{"start":{"line":96,"column":35},"end":{"line":96,"column":64}},"58":{"start":{"line":105,"column":19},"end":{"line":105,"column":61}},"59":{"start":{"line":106,"column":22},"end":{"line":106,"column":54}},"60":{"start":{"line":109,"column":2},"end":{"line":109,"column":156}},"61":{"start":{"line":109,"column":144},"end":{"line":109,"column":156}},"62":{"start":{"line":110,"column":2},"end":{"line":110,"column":82}},"63":{"start":{"line":110,"column":70},"end":{"line":110,"column":82}},"64":{"start":{"line":113,"column":2},"end":{"line":115,"column":3}},"65":{"start":{"line":114,"column":4},"end":{"line":114,"column":16}},"66":{"start":{"line":117,"column":2},"end":{"line":120,"column":3}},"67":{"start":{"line":119,"column":4},"end":{"line":119,"column":48}},"68":{"start":{"line":123,"column":19},"end":{"line":123,"column":45}},"69":{"start":{"line":124,"column":22},"end":{"line":124,"column":71}},"70":{"start":{"line":125,"column":21},"end":{"line":125,"column":63}},"71":{"start":{"line":126,"column":16},"end":{"line":126,"column":40}},"72":{"start":{"line":128,"column":2},"end":{"line":128,"column":63}},"73":{"start":{"line":128,"column":19},"end":{"line":128,"column":63}},"74":{"start":{"line":131,"column":2},"end":{"line":131,"column":59}},"75":{"start":{"line":131,"column":47},"end":{"line":131,"column":59}},"76":{"start":{"line":134,"column":2},"end":{"line":134,"column":36}},"77":{"start":{"line":134,"column":24},"end":{"line":134,"column":36}},"78":{"start":{"line":137,"column":2},"end":{"line":137,"column":66}},"79":{"start":{"line":137,"column":54},"end":{"line":137,"column":66}},"80":{"start":{"line":139,"column":2},"end":{"line":139,"column":14}},"81":{"start":{"line":144,"column":2},"end":{"line":144,"column":25}},"82":{"start":{"line":144,"column":13},"end":{"line":144,"column":25}},"83":{"start":{"line":145,"column":16},"end":{"line":145,"column":20}},"84":{"start":{"line":147,"column":2},"end":{"line":180,"column":3}},"85":{"start":{"line":150,"column":22},"end":{"line":166,"column":6}},"86":{"start":{"line":169,"column":4},"end":{"line":179,"column":7}},"87":{"start":{"line":170,"column":20},"end":{"line":170,"column":39}},"88":{"start":{"line":172,"column":6},"end":{"line":172,"column":66}},"89":{"start":{"line":172,"column":53},"end":{"line":172,"column":66}},"90":{"start":{"line":174,"column":6},"end":{"line":174,"column":51}},"91":{"start":{"line":174,"column":38},"end":{"line":174,"column":51}},"92":{"start":{"line":176,"column":6},"end":{"line":176,"column":61}},"93":{"start":{"line":176,"column":48},"end":{"line":176,"column":61}},"94":{"start":{"line":178,"column":6},"end":{"line":178,"column":16}},"95":{"start":{"line":183,"column":2},"end":{"line":183,"column":51}},"96":{"start":{"line":184,"column":2},"end":{"line":184,"column":17}},"97":{"start":{"line":189,"column":2},"end":{"line":189,"column":61}},"98":{"start":{"line":189,"column":41},"end":{"line":189,"column":61}},"99":{"start":{"line":190,"column":2},"end":{"line":190,"column":96}},"100":{"start":{"line":195,"column":2},"end":{"line":195,"column":70}},"101":{"start":{"line":195,"column":52},"end":{"line":195,"column":70}},"102":{"start":{"line":198,"column":20},"end":{"line":198,"column":76}},"103":{"start":{"line":199,"column":27},"end":{"line":199,"column":51}},"104":{"start":{"line":201,"column":18},"end":{"line":201,"column":20}},"105":{"start":{"line":202,"column":10},"end":{"line":202,"column":11}},"106":{"start":{"line":203,"column":2},"end":{"line":206,"column":3}},"107":{"start":{"line":204,"column":4},"end":{"line":204,"column":36}},"108":{"start":{"line":205,"column":4},"end":{"line":205,"column":8}},"109":{"start":{"line":208,"column":19},"end":{"line":208,"column":86}},"110":{"start":{"line":209,"column":15},"end":{"line":209,"column":17}},"111":{"start":{"line":210,"column":10},"end":{"line":210,"column":18}},"112":{"start":{"line":211,"column":2},"end":{"line":214,"column":3}},"113":{"start":{"line":212,"column":4},"end":{"line":212,"column":33}},"114":{"start":{"line":213,"column":4},"end":{"line":213,"column":8}},"115":{"start":{"line":216,"column":15},"end":{"line":216,"column":17}},"116":{"start":{"line":217,"column":10},"end":{"line":217,"column":30}},"117":{"start":{"line":218,"column":19},"end":{"line":218,"column":21}},"118":{"start":{"line":219,"column":2},"end":{"line":223,"column":3}},"119":{"start":{"line":220,"column":4},"end":{"line":220,"column":35}},"120":{"start":{"line":221,"column":4},"end":{"line":221,"column":32}},"121":{"start":{"line":222,"column":4},"end":{"line":222,"column":8}},"122":{"start":{"line":225,"column":2},"end":{"line":225,"column":117}},"123":{"start":{"line":233,"column":2},"end":{"line":233,"column":71}},"124":{"start":{"line":233,"column":53},"end":{"line":233,"column":71}},"125":{"start":{"line":235,"column":21},"end":{"line":235,"column":40}},"126":{"start":{"line":236,"column":19},"end":{"line":236,"column":68}},"127":{"start":{"line":236,"column":55},"end":{"line":236,"column":67}},"128":{"start":{"line":239,"column":20},"end":{"line":239,"column":76}},"129":{"start":{"line":240,"column":19},"end":{"line":240,"column":21}},"130":{"start":{"line":241,"column":17},"end":{"line":241,"column":19}},"131":{"start":{"line":244,"column":15},"end":{"line":244,"column":40}},"132":{"start":{"line":246,"column":2},"end":{"line":265,"column":3}},"133":{"start":{"line":246,"column":19},"end":{"line":246,"column":20}},"134":{"start":{"line":247,"column":16},"end":{"line":247,"column":62}},"135":{"start":{"line":248,"column":23},"end":{"line":248,"column":55}},"136":{"start":{"line":249,"column":24},"end":{"line":249,"column":48}},"137":{"start":{"line":251,"column":16},"end":{"line":251,"column":17}},"138":{"start":{"line":252,"column":4},"end":{"line":259,"column":7}},"139":{"start":{"line":254,"column":26},"end":{"line":254,"column":79}},"140":{"start":{"line":255,"column":6},"end":{"line":255,"column":27}},"141":{"start":{"line":258,"column":6},"end":{"line":258,"column":65}},"142":{"start":{"line":258,"column":54},"end":{"line":258,"column":65}},"143":{"start":{"line":261,"column":4},"end":{"line":264,"column":5}},"144":{"start":{"line":262,"column":6},"end":{"line":262,"column":23}},"145":{"start":{"line":263,"column":6},"end":{"line":263,"column":30}},"146":{"start":{"line":267,"column":2},"end":{"line":267,"column":58}},"147":{"start":{"line":272,"column":2},"end":{"line":272,"column":53}},"148":{"start":{"line":272,"column":41},"end":{"line":272,"column":53}},"149":{"start":{"line":273,"column":16},"end":{"line":273,"column":20}},"150":{"start":{"line":276,"column":2},"end":{"line":276,"column":52}},"151":{"start":{"line":277,"column":2},"end":{"line":277,"column":52}},"152":{"start":{"line":280,"column":2},"end":{"line":280,"column":50}},"153":{"start":{"line":283,"column":2},"end":{"line":283,"column":52}},"154":{"start":{"line":284,"column":2},"end":{"line":284,"column":62}},"155":{"start":{"line":285,"column":2},"end":{"line":285,"column":69}},"156":{"start":{"line":286,"column":2},"end":{"line":286,"column":51}},"157":{"start":{"line":289,"column":2},"end":{"line":289,"column":65}},"158":{"start":{"line":290,"column":2},"end":{"line":290,"column":70}},"159":{"start":{"line":291,"column":2},"end":{"line":291,"column":65}},"160":{"start":{"line":292,"column":2},"end":{"line":292,"column":49}},"161":{"start":{"line":293,"column":2},"end":{"line":293,"column":47}},"162":{"start":{"line":294,"column":2},"end":{"line":294,"column":49}},"163":{"start":{"line":295,"column":2},"end":{"line":295,"column":49}},"164":{"start":{"line":296,"column":2},"end":{"line":296,"column":51}},"165":{"start":{"line":297,"column":2},"end":{"line":297,"column":49}},"166":{"start":{"line":298,"column":2},"end":{"line":298,"column":51}},"167":{"start":{"line":299,"column":2},"end":{"line":299,"column":51}},"168":{"start":{"line":300,"column":2},"end":{"line":300,"column":49}},"169":{"start":{"line":301,"column":2},"end":{"line":301,"column":51}},"170":{"start":{"line":302,"column":2},"end":{"line":302,"column":53}},"171":{"start":{"line":303,"column":2},"end":{"line":303,"column":51}},"172":{"start":{"line":306,"column":2},"end":{"line":306,"column":52}},"173":{"start":{"line":307,"column":2},"end":{"line":307,"column":52}},"174":{"start":{"line":310,"column":23},"end":{"line":310,"column":314}},"175":{"start":{"line":311,"column":2},"end":{"line":311,"column":46}},"176":{"start":{"line":314,"column":2},"end":{"line":314,"column":54}},"177":{"start":{"line":317,"column":2},"end":{"line":317,"column":130}},"178":{"start":{"line":320,"column":2},"end":{"line":320,"column":44}},"179":{"start":{"line":321,"column":2},"end":{"line":321,"column":53}},"180":{"start":{"line":322,"column":2},"end":{"line":322,"column":54}},"181":{"start":{"line":324,"column":2},"end":{"line":324,"column":24}},"182":{"start":{"line":329,"column":2},"end":{"line":329,"column":24}},"183":{"start":{"line":329,"column":12},"end":{"line":329,"column":24}},"184":{"start":{"line":330,"column":13},"end":{"line":330,"column":23}},"185":{"start":{"line":333,"column":2},"end":{"line":333,"column":84}},"186":{"start":{"line":336,"column":2},"end":{"line":336,"column":67}},"187":{"start":{"line":336,"column":8},"end":{"line":336,"column":32}},"188":{"start":{"line":340,"column":19},"end":{"line":340,"column":44}},"189":{"start":{"line":341,"column":2},"end":{"line":346,"column":3}},"190":{"start":{"line":342,"column":4},"end":{"line":345,"column":38}},"191":{"start":{"line":343,"column":23},"end":{"line":343,"column":64}},"192":{"start":{"line":344,"column":6},"end":{"line":344,"column":34}},"193":{"start":{"line":348,"column":19},"end":{"line":348,"column":44}},"194":{"start":{"line":349,"column":2},"end":{"line":354,"column":3}},"195":{"start":{"line":350,"column":4},"end":{"line":353,"column":38}},"196":{"start":{"line":351,"column":23},"end":{"line":351,"column":64}},"197":{"start":{"line":352,"column":6},"end":{"line":352,"column":34}},"198":{"start":{"line":358,"column":2},"end":{"line":367,"column":3}},"199":{"start":{"line":359,"column":4},"end":{"line":366,"column":38}},"200":{"start":{"line":360,"column":20},"end":{"line":360,"column":41}},"201":{"start":{"line":361,"column":18},"end":{"line":361,"column":43}},"202":{"start":{"line":362,"column":6},"end":{"line":365,"column":7}},"203":{"start":{"line":363,"column":34},"end":{"line":363,"column":90}},"204":{"start":{"line":364,"column":8},"end":{"line":364,"column":45}},"205":{"start":{"line":369,"column":2},"end":{"line":369,"column":97}},"206":{"start":{"line":370,"column":2},"end":{"line":370,"column":14}},"207":{"start":{"line":375,"column":2},"end":{"line":375,"column":57}},"208":{"start":{"line":375,"column":45},"end":{"line":375,"column":57}},"209":{"start":{"line":376,"column":17},"end":{"line":376,"column":79}},"210":{"start":{"line":377,"column":21},"end":{"line":384,"column":3}},"211":{"start":{"line":385,"column":2},"end":{"line":385,"column":60}},"212":{"start":{"line":385,"column":35},"end":{"line":385,"column":58}},"213":{"start":{"line":392,"column":4},"end":{"line":479,"column":5}},"214":{"start":{"line":393,"column":6},"end":{"line":393,"column":85}},"215":{"start":{"line":396,"column":27},"end":{"line":412,"column":7}},"216":{"start":{"line":397,"column":21},"end":{"line":401,"column":9}},"217":{"start":{"line":402,"column":8},"end":{"line":410,"column":9}},"218":{"start":{"line":403,"column":10},"end":{"line":403,"column":31}},"219":{"start":{"line":404,"column":10},"end":{"line":404,"column":96}},"220":{"start":{"line":405,"column":15},"end":{"line":410,"column":9}},"221":{"start":{"line":406,"column":10},"end":{"line":406,"column":31}},"222":{"start":{"line":407,"column":10},"end":{"line":407,"column":99}},"223":{"start":{"line":409,"column":10},"end":{"line":409,"column":58}},"224":{"start":{"line":411,"column":8},"end":{"line":411,"column":20}},"225":{"start":{"line":414,"column":26},"end":{"line":417,"column":7}},"226":{"start":{"line":415,"column":21},"end":{"line":415,"column":51}},"227":{"start":{"line":416,"column":8},"end":{"line":416,"column":98}},"228":{"start":{"line":420,"column":6},"end":{"line":433,"column":7}},"229":{"start":{"line":421,"column":8},"end":{"line":432,"column":9}},"230":{"start":{"line":422,"column":32},"end":{"line":425,"column":11}},"231":{"start":{"line":426,"column":10},"end":{"line":429,"column":11}},"232":{"start":{"line":427,"column":12},"end":{"line":427,"column":72}},"233":{"start":{"line":428,"column":12},"end":{"line":428,"column":40}},"234":{"start":{"line":431,"column":10},"end":{"line":431,"column":101}},"235":{"start":{"line":436,"column":6},"end":{"line":451,"column":7}},"236":{"start":{"line":437,"column":8},"end":{"line":450,"column":9}},"237":{"start":{"line":438,"column":25},"end":{"line":438,"column":42}},"238":{"start":{"line":439,"column":25},"end":{"line":439,"column":75}},"239":{"start":{"line":440,"column":32},"end":{"line":443,"column":11}},"240":{"start":{"line":444,"column":10},"end":{"line":447,"column":11}},"241":{"start":{"line":445,"column":12},"end":{"line":445,"column":74}},"242":{"start":{"line":446,"column":12},"end":{"line":446,"column":40}},"243":{"start":{"line":449,"column":10},"end":{"line":449,"column":107}},"244":{"start":{"line":454,"column":6},"end":{"line":473,"column":7}},"245":{"start":{"line":455,"column":28},"end":{"line":455,"column":48}},"246":{"start":{"line":456,"column":8},"end":{"line":472,"column":9}},"247":{"start":{"line":456,"column":21},"end":{"line":456,"column":22}},"248":{"start":{"line":457,"column":10},"end":{"line":457,"column":110}},"249":{"start":{"line":458,"column":10},"end":{"line":458,"column":64}},"250":{"start":{"line":458,"column":33},"end":{"line":458,"column":62}},"251":{"start":{"line":459,"column":10},"end":{"line":471,"column":11}},"252":{"start":{"line":460,"column":34},"end":{"line":463,"column":13}},"253":{"start":{"line":464,"column":12},"end":{"line":467,"column":13}},"254":{"start":{"line":465,"column":14},"end":{"line":465,"column":70}},"255":{"start":{"line":466,"column":14},"end":{"line":466,"column":42}},"256":{"start":{"line":469,"column":12},"end":{"line":469,"column":78}},"257":{"start":{"line":470,"column":12},"end":{"line":470,"column":46}},"258":{"start":{"line":470,"column":40},"end":{"line":470,"column":46}},"259":{"start":{"line":475,"column":6},"end":{"line":475,"column":90}},"260":{"start":{"line":477,"column":6},"end":{"line":477,"column":51}},"261":{"start":{"line":478,"column":6},"end":{"line":478,"column":67}},"262":{"start":{"line":484,"column":4},"end":{"line":535,"column":5}},"263":{"start":{"line":485,"column":6},"end":{"line":485,"column":61}},"264":{"start":{"line":487,"column":26},"end":{"line":487,"column":52}},"265":{"start":{"line":488,"column":26},"end":{"line":488,"column":56}},"266":{"start":{"line":489,"column":18},"end":{"line":489,"column":58}},"267":{"start":{"line":490,"column":22},"end":{"line":490,"column":119}},"268":{"start":{"line":491,"column":23},"end":{"line":491,"column":51}},"269":{"start":{"line":493,"column":28},"end":{"line":507,"column":63}},"270":{"start":{"line":509,"column":27},"end":{"line":511,"column":23}},"271":{"start":{"line":513,"column":23},"end":{"line":526,"column":9}},"272":{"start":{"line":513,"column":46},"end":{"line":526,"column":8}},"273":{"start":{"line":528,"column":21},"end":{"line":528,"column":63}},"274":{"start":{"line":529,"column":6},"end":{"line":529,"column":97}},"275":{"start":{"line":530,"column":6},"end":{"line":530,"column":65}},"276":{"start":{"line":531,"column":6},"end":{"line":531,"column":22}},"277":{"start":{"line":533,"column":6},"end":{"line":533,"column":52}},"278":{"start":{"line":534,"column":6},"end":{"line":534,"column":67}},"279":{"start":{"line":540,"column":17},"end":{"line":540,"column":83}},"280":{"start":{"line":541,"column":21},"end":{"line":541,"column":34}},"281":{"start":{"line":543,"column":4},"end":{"line":615,"column":5}},"282":{"start":{"line":544,"column":6},"end":{"line":544,"column":103}},"283":{"start":{"line":545,"column":6},"end":{"line":547,"column":7}},"284":{"start":{"line":546,"column":8},"end":{"line":546,"column":152}},"285":{"start":{"line":548,"column":32},"end":{"line":548,"column":87}},"286":{"start":{"line":550,"column":27},"end":{"line":580,"column":175}},"287":{"start":{"line":582,"column":23},"end":{"line":590,"column":8}},"288":{"start":{"line":582,"column":34},"end":{"line":590,"column":8}},"289":{"start":{"line":592,"column":23},"end":{"line":597,"column":7}},"290":{"start":{"line":593,"column":14},"end":{"line":593,"column":37}},"291":{"start":{"line":596,"column":14},"end":{"line":596,"column":34}},"292":{"start":{"line":599,"column":20},"end":{"line":599,"column":62}},"293":{"start":{"line":600,"column":6},"end":{"line":600,"column":95}},"294":{"start":{"line":601,"column":6},"end":{"line":601,"column":57}},"295":{"start":{"line":601,"column":20},"end":{"line":601,"column":57}},"296":{"start":{"line":604,"column":6},"end":{"line":609,"column":7}},"297":{"start":{"line":605,"column":8},"end":{"line":605,"column":57}},"298":{"start":{"line":606,"column":30},"end":{"line":606,"column":59}},"299":{"start":{"line":607,"column":29},"end":{"line":607,"column":147}},"300":{"start":{"line":608,"column":8},"end":{"line":608,"column":118}},"301":{"start":{"line":608,"column":50},"end":{"line":608,"column":118}},"302":{"start":{"line":610,"column":6},"end":{"line":610,"column":51}},"303":{"start":{"line":611,"column":6},"end":{"line":611,"column":21}},"304":{"start":{"line":613,"column":6},"end":{"line":613,"column":45}},"305":{"start":{"line":614,"column":6},"end":{"line":614,"column":132}},"306":{"start":{"line":620,"column":17},"end":{"line":620,"column":83}},"307":{"start":{"line":621,"column":21},"end":{"line":621,"column":34}},"308":{"start":{"line":623,"column":4},"end":{"line":701,"column":5}},"309":{"start":{"line":624,"column":6},"end":{"line":624,"column":113}},"310":{"start":{"line":625,"column":6},"end":{"line":627,"column":7}},"311":{"start":{"line":626,"column":8},"end":{"line":626,"column":149}},"312":{"start":{"line":629,"column":32},"end":{"line":629,"column":94}},"313":{"start":{"line":631,"column":25},"end":{"line":663,"column":86}},"314":{"start":{"line":665,"column":6},"end":{"line":665,"column":62}},"315":{"start":{"line":667,"column":23},"end":{"line":675,"column":8}},"316":{"start":{"line":667,"column":34},"end":{"line":675,"column":8}},"317":{"start":{"line":677,"column":23},"end":{"line":682,"column":7}},"318":{"start":{"line":678,"column":14},"end":{"line":678,"column":37}},"319":{"start":{"line":681,"column":14},"end":{"line":681,"column":34}},"320":{"start":{"line":684,"column":24},"end":{"line":684,"column":66}},"321":{"start":{"line":685,"column":6},"end":{"line":685,"column":103}},"322":{"start":{"line":686,"column":6},"end":{"line":686,"column":65}},"323":{"start":{"line":686,"column":20},"end":{"line":686,"column":65}},"324":{"start":{"line":689,"column":6},"end":{"line":694,"column":7}},"325":{"start":{"line":690,"column":8},"end":{"line":690,"column":61}},"326":{"start":{"line":691,"column":30},"end":{"line":691,"column":59}},"327":{"start":{"line":692,"column":26},"end":{"line":692,"column":144}},"328":{"start":{"line":693,"column":8},"end":{"line":693,"column":117}},"329":{"start":{"line":693,"column":51},"end":{"line":693,"column":117}},"330":{"start":{"line":695,"column":6},"end":{"line":695,"column":64}},"331":{"start":{"line":696,"column":6},"end":{"line":696,"column":25}},"332":{"start":{"line":698,"column":6},"end":{"line":698,"column":49}},"333":{"start":{"line":699,"column":19},"end":{"line":699,"column":96}},"334":{"start":{"line":700,"column":6},"end":{"line":700,"column":101}},"335":{"start":{"line":706,"column":4},"end":{"line":809,"column":5}},"336":{"start":{"line":707,"column":6},"end":{"line":707,"column":105}},"337":{"start":{"line":708,"column":6},"end":{"line":710,"column":7}},"338":{"start":{"line":709,"column":8},"end":{"line":709,"column":84}},"339":{"start":{"line":711,"column":19},"end":{"line":711,"column":79}},"340":{"start":{"line":712,"column":23},"end":{"line":712,"column":36}},"341":{"start":{"line":713,"column":32},"end":{"line":713,"column":93}},"342":{"start":{"line":715,"column":25},"end":{"line":742,"column":53}},"343":{"start":{"line":744,"column":6},"end":{"line":744,"column":62}},"344":{"start":{"line":746,"column":23},"end":{"line":760,"column":7}},"345":{"start":{"line":747,"column":23},"end":{"line":747,"column":43}},"346":{"start":{"line":750,"column":8},"end":{"line":759,"column":11}},"347":{"start":{"line":762,"column":23},"end":{"line":767,"column":7}},"348":{"start":{"line":763,"column":14},"end":{"line":763,"column":39}},"349":{"start":{"line":766,"column":14},"end":{"line":766,"column":34}},"350":{"start":{"line":769,"column":25},"end":{"line":769,"column":75}},"351":{"start":{"line":770,"column":22},"end":{"line":770,"column":47}},"352":{"start":{"line":771,"column":22},"end":{"line":771,"column":82}},"353":{"start":{"line":774,"column":6},"end":{"line":780,"column":7}},"354":{"start":{"line":775,"column":23},"end":{"line":775,"column":100}},"355":{"start":{"line":775,"column":58},"end":{"line":775,"column":99}},"356":{"start":{"line":776,"column":8},"end":{"line":779,"column":9}},"357":{"start":{"line":777,"column":10},"end":{"line":778,"column":69}},"358":{"start":{"line":777,"column":40},"end":{"line":777,"column":62}},"359":{"start":{"line":778,"column":15},"end":{"line":778,"column":69}},"360":{"start":{"line":778,"column":46},"end":{"line":778,"column":67}},"361":{"start":{"line":782,"column":6},"end":{"line":799,"column":7}},"362":{"start":{"line":784,"column":8},"end":{"line":796,"column":11}},"363":{"start":{"line":785,"column":10},"end":{"line":785,"column":80}},"364":{"start":{"line":785,"column":37},"end":{"line":785,"column":80}},"365":{"start":{"line":787,"column":10},"end":{"line":794,"column":11}},"366":{"start":{"line":788,"column":27},"end":{"line":788,"column":78}},"367":{"start":{"line":788,"column":56},"end":{"line":788,"column":77}},"368":{"start":{"line":789,"column":12},"end":{"line":792,"column":13}},"369":{"start":{"line":790,"column":27},"end":{"line":790,"column":45}},"370":{"start":{"line":791,"column":14},"end":{"line":791,"column":63}},"371":{"start":{"line":793,"column":12},"end":{"line":793,"column":87}},"372":{"start":{"line":795,"column":10},"end":{"line":795,"column":33}},"373":{"start":{"line":797,"column":8},"end":{"line":797,"column":88}},"374":{"start":{"line":798,"column":8},"end":{"line":798,"column":25}},"375":{"start":{"line":801,"column":6},"end":{"line":801,"column":77}},"376":{"start":{"line":803,"column":6},"end":{"line":803,"column":62}},"377":{"start":{"line":804,"column":19},"end":{"line":804,"column":96}},"378":{"start":{"line":805,"column":6},"end":{"line":808,"column":8}},"379":{"start":{"line":814,"column":17},"end":{"line":814,"column":83}},"380":{"start":{"line":815,"column":21},"end":{"line":815,"column":34}},"381":{"start":{"line":817,"column":4},"end":{"line":917,"column":5}},"382":{"start":{"line":818,"column":6},"end":{"line":818,"column":108}},"383":{"start":{"line":819,"column":6},"end":{"line":821,"column":7}},"384":{"start":{"line":820,"column":8},"end":{"line":820,"column":47}},"385":{"start":{"line":822,"column":32},"end":{"line":822,"column":93}},"386":{"start":{"line":824,"column":25},"end":{"line":864,"column":199}},"387":{"start":{"line":866,"column":6},"end":{"line":866,"column":62}},"388":{"start":{"line":868,"column":23},"end":{"line":880,"column":7}},"389":{"start":{"line":869,"column":21},"end":{"line":878,"column":9}},"390":{"start":{"line":879,"column":8},"end":{"line":879,"column":50}},"391":{"start":{"line":882,"column":23},"end":{"line":887,"column":7}},"392":{"start":{"line":883,"column":14},"end":{"line":883,"column":39}},"393":{"start":{"line":886,"column":14},"end":{"line":886,"column":34}},"394":{"start":{"line":889,"column":29},"end":{"line":889,"column":79}},"395":{"start":{"line":890,"column":22},"end":{"line":890,"column":51}},"396":{"start":{"line":891,"column":6},"end":{"line":913,"column":7}},"397":{"start":{"line":893,"column":8},"end":{"line":897,"column":11}},"398":{"start":{"line":894,"column":10},"end":{"line":896,"column":11}},"399":{"start":{"line":895,"column":12},"end":{"line":895,"column":101}},"400":{"start":{"line":899,"column":8},"end":{"line":908,"column":9}},"401":{"start":{"line":900,"column":10},"end":{"line":907,"column":13}},"402":{"start":{"line":901,"column":28},"end":{"line":901,"column":105}},"403":{"start":{"line":901,"column":37},"end":{"line":901,"column":105}},"404":{"start":{"line":902,"column":12},"end":{"line":902,"column":45}},"405":{"start":{"line":903,"column":12},"end":{"line":903,"column":51}},"406":{"start":{"line":904,"column":12},"end":{"line":906,"column":13}},"407":{"start":{"line":905,"column":14},"end":{"line":905,"column":61}},"408":{"start":{"line":905,"column":47},"end":{"line":905,"column":59}},"409":{"start":{"line":909,"column":8},"end":{"line":909,"column":83}},"410":{"start":{"line":910,"column":8},"end":{"line":910,"column":33}},"411":{"start":{"line":912,"column":8},"end":{"line":912,"column":61}},"412":{"start":{"line":915,"column":6},"end":{"line":915,"column":47}},"413":{"start":{"line":916,"column":6},"end":{"line":916,"column":45}},"414":{"start":{"line":922,"column":17},"end":{"line":922,"column":83}},"415":{"start":{"line":923,"column":21},"end":{"line":923,"column":34}},"416":{"start":{"line":925,"column":4},"end":{"line":1013,"column":5}},"417":{"start":{"line":926,"column":6},"end":{"line":926,"column":105}},"418":{"start":{"line":927,"column":6},"end":{"line":929,"column":7}},"419":{"start":{"line":928,"column":8},"end":{"line":928,"column":48}},"420":{"start":{"line":930,"column":32},"end":{"line":930,"column":93}},"421":{"start":{"line":932,"column":25},"end":{"line":969,"column":86}},"422":{"start":{"line":971,"column":6},"end":{"line":971,"column":62}},"423":{"start":{"line":973,"column":23},"end":{"line":985,"column":7}},"424":{"start":{"line":974,"column":21},"end":{"line":983,"column":9}},"425":{"start":{"line":984,"column":8},"end":{"line":984,"column":50}},"426":{"start":{"line":987,"column":23},"end":{"line":992,"column":7}},"427":{"start":{"line":988,"column":14},"end":{"line":988,"column":39}},"428":{"start":{"line":991,"column":14},"end":{"line":991,"column":34}},"429":{"start":{"line":994,"column":30},"end":{"line":994,"column":80}},"430":{"start":{"line":995,"column":22},"end":{"line":995,"column":52}},"431":{"start":{"line":996,"column":6},"end":{"line":1009,"column":7}},"432":{"start":{"line":998,"column":8},"end":{"line":1004,"column":9}},"433":{"start":{"line":999,"column":10},"end":{"line":1003,"column":13}},"434":{"start":{"line":1000,"column":28},"end":{"line":1000,"column":105}},"435":{"start":{"line":1000,"column":37},"end":{"line":1000,"column":105}},"436":{"start":{"line":1001,"column":12},"end":{"line":1001,"column":45}},"437":{"start":{"line":1002,"column":12},"end":{"line":1002,"column":43}},"438":{"start":{"line":1005,"column":8},"end":{"line":1005,"column":85}},"439":{"start":{"line":1006,"column":8},"end":{"line":1006,"column":34}},"440":{"start":{"line":1008,"column":8},"end":{"line":1008,"column":62}},"441":{"start":{"line":1011,"column":6},"end":{"line":1011,"column":48}},"442":{"start":{"line":1012,"column":6},"end":{"line":1012,"column":46}},"443":{"start":{"line":1018,"column":4},"end":{"line":1067,"column":5}},"444":{"start":{"line":1019,"column":6},"end":{"line":1021,"column":7}},"445":{"start":{"line":1020,"column":8},"end":{"line":1020,"column":115}},"446":{"start":{"line":1023,"column":19},"end":{"line":1023,"column":53}},"447":{"start":{"line":1024,"column":23},"end":{"line":1024,"column":36}},"448":{"start":{"line":1027,"column":30},"end":{"line":1027,"column":78}},"449":{"start":{"line":1029,"column":25},"end":{"line":1047,"column":33}},"450":{"start":{"line":1049,"column":23},"end":{"line":1057,"column":9}},"451":{"start":{"line":1049,"column":46},"end":{"line":1057,"column":8}},"452":{"start":{"line":1059,"column":18},"end":{"line":1059,"column":60}},"453":{"start":{"line":1060,"column":6},"end":{"line":1060,"column":65}},"454":{"start":{"line":1061,"column":6},"end":{"line":1061,"column":53}},"455":{"start":{"line":1061,"column":20},"end":{"line":1061,"column":53}},"456":{"start":{"line":1063,"column":6},"end":{"line":1063,"column":19}},"457":{"start":{"line":1065,"column":6},"end":{"line":1065,"column":42}},"458":{"start":{"line":1066,"column":6},"end":{"line":1066,"column":102}},"459":{"start":{"line":1071,"column":4},"end":{"line":1077,"column":6}},"460":{"start":{"line":1081,"column":4},"end":{"line":1086,"column":6}},"461":{"start":{"line":1091,"column":4},"end":{"line":1136,"column":5}},"462":{"start":{"line":1092,"column":21},"end":{"line":1092,"column":51}},"463":{"start":{"line":1093,"column":6},"end":{"line":1093,"column":60}},"464":{"start":{"line":1093,"column":19},"end":{"line":1093,"column":60}},"465":{"start":{"line":1094,"column":22},"end":{"line":1094,"column":46}},"466":{"start":{"line":1095,"column":23},"end":{"line":1106,"column":8}},"467":{"start":{"line":1107,"column":6},"end":{"line":1109,"column":7}},"468":{"start":{"line":1108,"column":8},"end":{"line":1108,"column":68}},"469":{"start":{"line":1110,"column":6},"end":{"line":1110,"column":42}},"470":{"start":{"line":1112,"column":6},"end":{"line":1112,"column":92}},"471":{"start":{"line":1113,"column":6},"end":{"line":1135,"column":7}},"472":{"start":{"line":1114,"column":23},"end":{"line":1114,"column":49}},"473":{"start":{"line":1115,"column":8},"end":{"line":1115,"column":58}},"474":{"start":{"line":1115,"column":21},"end":{"line":1115,"column":58}},"475":{"start":{"line":1116,"column":25},"end":{"line":1127,"column":10}},"476":{"start":{"line":1128,"column":8},"end":{"line":1130,"column":9}},"477":{"start":{"line":1129,"column":10},"end":{"line":1129,"column":66}},"478":{"start":{"line":1131,"column":8},"end":{"line":1131,"column":44}},"479":{"start":{"line":1133,"column":8},"end":{"line":1133,"column":79}},"480":{"start":{"line":1134,"column":8},"end":{"line":1134,"column":26}},"481":{"start":{"line":1141,"column":18},"end":{"line":1141,"column":33}},"482":{"start":{"line":1144,"column":0},"end":{"line":1144,"column":27}},"483":{"start":{"line":1145,"column":0},"end":{"line":1152,"column":2}},"484":{"start":{"line":1154,"column":0},"end":{"line":1154,"column":27}},"485":{"start":{"line":1155,"column":0},"end":{"line":1155,"column":39}},"486":{"start":{"line":1156,"column":0},"end":{"line":1156,"column":45}},"487":{"start":{"line":1157,"column":0},"end":{"line":1157,"column":39}}},"fnMap":{"0":{"name":"initGroqClients","decl":{"start":{"line":8,"column":9},"end":{"line":8,"column":24}},"loc":{"start":{"line":8,"column":27},"end":{"line":22,"column":1}},"line":8},"1":{"name":"(anonymous_1)","decl":{"start":{"line":11,"column":41},"end":{"line":11,"column":42}},"loc":{"start":{"line":11,"column":46},"end":{"line":11,"column":54}},"line":11},"2":{"name":"(anonymous_2)","decl":{"start":{"line":11,"column":63},"end":{"line":11,"column":64}},"loc":{"start":{"line":11,"column":68},"end":{"line":11,"column":69}},"line":11},"3":{"name":"(anonymous_3)","decl":{"start":{"line":18,"column":25},"end":{"line":18,"column":26}},"loc":{"start":{"line":18,"column":32},"end":{"line":18,"column":57}},"line":18},"4":{"name":"getGroq","decl":{"start":{"line":24,"column":9},"end":{"line":24,"column":16}},"loc":{"start":{"line":24,"column":19},"end":{"line":28,"column":1}},"line":24},"5":{"name":"rotateGroqKey","decl":{"start":{"line":30,"column":9},"end":{"line":30,"column":22}},"loc":{"start":{"line":30,"column":25},"end":{"line":35,"column":1}},"line":30},"6":{"name":"(anonymous_6)","decl":{"start":{"line":39,"column":7},"end":{"line":39,"column":8}},"loc":{"start":{"line":39,"column":20},"end":{"line":42,"column":3}},"line":39},"7":{"name":"retryAsync","decl":{"start":{"line":60,"column":15},"end":{"line":60,"column":25}},"loc":{"start":{"line":60,"column":76},"end":{"line":99,"column":1}},"line":60},"8":{"name":"(anonymous_8)","decl":{"start":{"line":96,"column":24},"end":{"line":96,"column":25}},"loc":{"start":{"line":96,"column":35},"end":{"line":96,"column":64}},"line":96},"9":{"name":"detectLanguage","decl":{"start":{"line":104,"column":9},"end":{"line":104,"column":23}},"loc":{"start":{"line":104,"column":79},"end":{"line":140,"column":1}},"line":104},"10":{"name":"cleanTranscript","decl":{"start":{"line":143,"column":9},"end":{"line":143,"column":24}},"loc":{"start":{"line":143,"column":45},"end":{"line":185,"column":1}},"line":143},"11":{"name":"(anonymous_11)","decl":{"start":{"line":169,"column":88},"end":{"line":169,"column":89}},"loc":{"start":{"line":169,"column":99},"end":{"line":179,"column":5}},"line":169},"12":{"name":"withUserPrompt","decl":{"start":{"line":188,"column":9},"end":{"line":188,"column":23}},"loc":{"start":{"line":188,"column":50},"end":{"line":191,"column":1}},"line":188},"13":{"name":"preprocessTranscript","decl":{"start":{"line":194,"column":9},"end":{"line":194,"column":29}},"loc":{"start":{"line":194,"column":60},"end":{"line":226,"column":1}},"line":194},"14":{"name":"findRelevantChunk","decl":{"start":{"line":232,"column":9},"end":{"line":232,"column":26}},"loc":{"start":{"line":232,"column":64},"end":{"line":268,"column":1}},"line":232},"15":{"name":"(anonymous_15)","decl":{"start":{"line":236,"column":50},"end":{"line":236,"column":51}},"loc":{"start":{"line":236,"column":55},"end":{"line":236,"column":67}},"line":236},"16":{"name":"(anonymous_16)","decl":{"start":{"line":252,"column":21},"end":{"line":252,"column":22}},"loc":{"start":{"line":252,"column":27},"end":{"line":259,"column":5}},"line":252},"17":{"name":"postProcessArabic","decl":{"start":{"line":271,"column":9},"end":{"line":271,"column":26}},"loc":{"start":{"line":271,"column":33},"end":{"line":325,"column":1}},"line":271},"18":{"name":"safeParseJSON","decl":{"start":{"line":328,"column":9},"end":{"line":328,"column":22}},"loc":{"start":{"line":328,"column":28},"end":{"line":371,"column":1}},"line":328},"19":{"name":"isInvalidTranscript","decl":{"start":{"line":374,"column":9},"end":{"line":374,"column":28}},"loc":{"start":{"line":374,"column":41},"end":{"line":386,"column":1}},"line":374},"20":{"name":"(anonymous_20)","decl":{"start":{"line":385,"column":25},"end":{"line":385,"column":26}},"loc":{"start":{"line":385,"column":35},"end":{"line":385,"column":58}},"line":385},"21":{"name":"(anonymous_21)","decl":{"start":{"line":391,"column":2},"end":{"line":391,"column":3}},"loc":{"start":{"line":391,"column":54},"end":{"line":480,"column":3}},"line":391},"22":{"name":"(anonymous_22)","decl":{"start":{"line":396,"column":27},"end":{"line":396,"column":28}},"loc":{"start":{"line":396,"column":65},"end":{"line":412,"column":7}},"line":396},"23":{"name":"(anonymous_23)","decl":{"start":{"line":414,"column":26},"end":{"line":414,"column":27}},"loc":{"start":{"line":414,"column":35},"end":{"line":417,"column":7}},"line":414},"24":{"name":"(anonymous_24)","decl":{"start":{"line":458,"column":28},"end":{"line":458,"column":29}},"loc":{"start":{"line":458,"column":33},"end":{"line":458,"column":62}},"line":458},"25":{"name":"(anonymous_25)","decl":{"start":{"line":483,"column":2},"end":{"line":483,"column":3}},"loc":{"start":{"line":483,"column":49},"end":{"line":536,"column":3}},"line":483},"26":{"name":"(anonymous_26)","decl":{"start":{"line":513,"column":40},"end":{"line":513,"column":41}},"loc":{"start":{"line":513,"column":46},"end":{"line":526,"column":8}},"line":513},"27":{"name":"(anonymous_27)","decl":{"start":{"line":539,"column":2},"end":{"line":539,"column":3}},"loc":{"start":{"line":539,"column":85},"end":{"line":616,"column":3}},"line":539},"28":{"name":"(anonymous_28)","decl":{"start":{"line":582,"column":23},"end":{"line":582,"column":24}},"loc":{"start":{"line":582,"column":34},"end":{"line":590,"column":8}},"line":582},"29":{"name":"(anonymous_29)","decl":{"start":{"line":593,"column":8},"end":{"line":593,"column":9}},"loc":{"start":{"line":593,"column":14},"end":{"line":593,"column":37}},"line":593},"30":{"name":"(anonymous_30)","decl":{"start":{"line":596,"column":8},"end":{"line":596,"column":9}},"loc":{"start":{"line":596,"column":14},"end":{"line":596,"column":34}},"line":596},"31":{"name":"(anonymous_31)","decl":{"start":{"line":619,"column":2},"end":{"line":619,"column":3}},"loc":{"start":{"line":619,"column":97},"end":{"line":702,"column":3}},"line":619},"32":{"name":"(anonymous_32)","decl":{"start":{"line":667,"column":23},"end":{"line":667,"column":24}},"loc":{"start":{"line":667,"column":34},"end":{"line":675,"column":8}},"line":667},"33":{"name":"(anonymous_33)","decl":{"start":{"line":678,"column":8},"end":{"line":678,"column":9}},"loc":{"start":{"line":678,"column":14},"end":{"line":678,"column":37}},"line":678},"34":{"name":"(anonymous_34)","decl":{"start":{"line":681,"column":8},"end":{"line":681,"column":9}},"loc":{"start":{"line":681,"column":14},"end":{"line":681,"column":34}},"line":681},"35":{"name":"(anonymous_35)","decl":{"start":{"line":705,"column":2},"end":{"line":705,"column":3}},"loc":{"start":{"line":705,"column":86},"end":{"line":810,"column":3}},"line":705},"36":{"name":"(anonymous_36)","decl":{"start":{"line":746,"column":23},"end":{"line":746,"column":24}},"loc":{"start":{"line":746,"column":34},"end":{"line":760,"column":7}},"line":746},"37":{"name":"(anonymous_37)","decl":{"start":{"line":763,"column":8},"end":{"line":763,"column":9}},"loc":{"start":{"line":763,"column":14},"end":{"line":763,"column":39}},"line":763},"38":{"name":"(anonymous_38)","decl":{"start":{"line":766,"column":8},"end":{"line":766,"column":9}},"loc":{"start":{"line":766,"column":14},"end":{"line":766,"column":34}},"line":766},"39":{"name":"(anonymous_39)","decl":{"start":{"line":775,"column":53},"end":{"line":775,"column":54}},"loc":{"start":{"line":775,"column":58},"end":{"line":775,"column":99}},"line":775},"40":{"name":"(anonymous_40)","decl":{"start":{"line":778,"column":41},"end":{"line":778,"column":42}},"loc":{"start":{"line":778,"column":46},"end":{"line":778,"column":67}},"line":778},"41":{"name":"(anonymous_41)","decl":{"start":{"line":784,"column":34},"end":{"line":784,"column":35}},"loc":{"start":{"line":784,"column":39},"end":{"line":796,"column":9}},"line":784},"42":{"name":"(anonymous_42)","decl":{"start":{"line":788,"column":51},"end":{"line":788,"column":52}},"loc":{"start":{"line":788,"column":56},"end":{"line":788,"column":77}},"line":788},"43":{"name":"(anonymous_43)","decl":{"start":{"line":813,"column":2},"end":{"line":813,"column":3}},"loc":{"start":{"line":813,"column":87},"end":{"line":918,"column":3}},"line":813},"44":{"name":"(anonymous_44)","decl":{"start":{"line":868,"column":23},"end":{"line":868,"column":24}},"loc":{"start":{"line":868,"column":34},"end":{"line":880,"column":7}},"line":868},"45":{"name":"(anonymous_45)","decl":{"start":{"line":883,"column":8},"end":{"line":883,"column":9}},"loc":{"start":{"line":883,"column":14},"end":{"line":883,"column":39}},"line":883},"46":{"name":"(anonymous_46)","decl":{"start":{"line":886,"column":8},"end":{"line":886,"column":9}},"loc":{"start":{"line":886,"column":14},"end":{"line":886,"column":34}},"line":886},"47":{"name":"(anonymous_47)","decl":{"start":{"line":893,"column":34},"end":{"line":893,"column":35}},"loc":{"start":{"line":893,"column":39},"end":{"line":897,"column":9}},"line":893},"48":{"name":"(anonymous_48)","decl":{"start":{"line":900,"column":36},"end":{"line":900,"column":37}},"loc":{"start":{"line":900,"column":41},"end":{"line":907,"column":11}},"line":900},"49":{"name":"(anonymous_49)","decl":{"start":{"line":901,"column":28},"end":{"line":901,"column":29}},"loc":{"start":{"line":901,"column":37},"end":{"line":901,"column":105}},"line":901},"50":{"name":"(anonymous_50)","decl":{"start":{"line":905,"column":40},"end":{"line":905,"column":41}},"loc":{"start":{"line":905,"column":47},"end":{"line":905,"column":59}},"line":905},"51":{"name":"(anonymous_51)","decl":{"start":{"line":921,"column":2},"end":{"line":921,"column":3}},"loc":{"start":{"line":921,"column":88},"end":{"line":1014,"column":3}},"line":921},"52":{"name":"(anonymous_52)","decl":{"start":{"line":973,"column":23},"end":{"line":973,"column":24}},"loc":{"start":{"line":973,"column":34},"end":{"line":985,"column":7}},"line":973},"53":{"name":"(anonymous_53)","decl":{"start":{"line":988,"column":8},"end":{"line":988,"column":9}},"loc":{"start":{"line":988,"column":14},"end":{"line":988,"column":39}},"line":988},"54":{"name":"(anonymous_54)","decl":{"start":{"line":991,"column":8},"end":{"line":991,"column":9}},"loc":{"start":{"line":991,"column":14},"end":{"line":991,"column":34}},"line":991},"55":{"name":"(anonymous_55)","decl":{"start":{"line":999,"column":37},"end":{"line":999,"column":38}},"loc":{"start":{"line":999,"column":45},"end":{"line":1003,"column":11}},"line":999},"56":{"name":"(anonymous_56)","decl":{"start":{"line":1000,"column":28},"end":{"line":1000,"column":29}},"loc":{"start":{"line":1000,"column":37},"end":{"line":1000,"column":105}},"line":1000},"57":{"name":"(anonymous_57)","decl":{"start":{"line":1017,"column":2},"end":{"line":1017,"column":3}},"loc":{"start":{"line":1017,"column":59},"end":{"line":1068,"column":3}},"line":1017},"58":{"name":"(anonymous_58)","decl":{"start":{"line":1049,"column":40},"end":{"line":1049,"column":41}},"loc":{"start":{"line":1049,"column":46},"end":{"line":1057,"column":8}},"line":1049},"59":{"name":"(anonymous_59)","decl":{"start":{"line":1070,"column":2},"end":{"line":1070,"column":3}},"loc":{"start":{"line":1070,"column":29},"end":{"line":1078,"column":3}},"line":1070},"60":{"name":"(anonymous_60)","decl":{"start":{"line":1080,"column":2},"end":{"line":1080,"column":3}},"loc":{"start":{"line":1080,"column":30},"end":{"line":1087,"column":3}},"line":1080},"61":{"name":"(anonymous_61)","decl":{"start":{"line":1089,"column":2},"end":{"line":1089,"column":3}},"loc":{"start":{"line":1089,"column":80},"end":{"line":1137,"column":3}},"line":1089}},"branchMap":{"0":{"loc":{"start":{"line":9,"column":2},"end":{"line":9,"column":37}},"type":"if","locations":[{"start":{"line":9,"column":2},"end":{"line":9,"column":37}},{"start":{},"end":{}}],"line":9},"1":{"loc":{"start":{"line":10,"column":21},"end":{"line":10,"column":80}},"type":"binary-expr","locations":[{"start":{"line":10,"column":21},"end":{"line":10,"column":46}},{"start":{"line":10,"column":50},"end":{"line":10,"column":74}},{"start":{"line":10,"column":78},"end":{"line":10,"column":80}}],"line":10},"2":{"loc":{"start":{"line":13,"column":2},"end":{"line":16,"column":3}},"type":"if","locations":[{"start":{"line":13,"column":2},"end":{"line":16,"column":3}},{"start":{},"end":{}}],"line":13},"3":{"loc":{"start":{"line":19,"column":2},"end":{"line":21,"column":3}},"type":"if","locations":[{"start":{"line":19,"column":2},"end":{"line":21,"column":3}},{"start":{},"end":{}}],"line":19},"4":{"loc":{"start":{"line":26,"column":2},"end":{"line":26,"column":44}},"type":"if","locations":[{"start":{"line":26,"column":2},"end":{"line":26,"column":44}},{"start":{},"end":{}}],"line":26},"5":{"loc":{"start":{"line":31,"column":2},"end":{"line":31,"column":44}},"type":"if","locations":[{"start":{"line":31,"column":2},"end":{"line":31,"column":44}},{"start":{},"end":{}}],"line":31},"6":{"loc":{"start":{"line":41,"column":11},"end":{"line":41,"column":44}},"type":"cond-expr","locations":[{"start":{"line":41,"column":20},"end":{"line":41,"column":32}},{"start":{"line":41,"column":35},"end":{"line":41,"column":44}}],"line":41},"7":{"loc":{"start":{"line":60,"column":30},"end":{"line":60,"column":41}},"type":"default-arg","locations":[{"start":{"line":60,"column":40},"end":{"line":60,"column":41}}],"line":60},"8":{"loc":{"start":{"line":60,"column":43},"end":{"line":60,"column":55}},"type":"default-arg","locations":[{"start":{"line":60,"column":51},"end":{"line":60,"column":55}}],"line":60},"9":{"loc":{"start":{"line":60,"column":57},"end":{"line":60,"column":74}},"type":"default-arg","locations":[{"start":{"line":60,"column":70},"end":{"line":60,"column":74}}],"line":60},"10":{"loc":{"start":{"line":65,"column":6},"end":{"line":71,"column":7}},"type":"if","locations":[{"start":{"line":65,"column":6},"end":{"line":71,"column":7}},{"start":{},"end":{}}],"line":65},"11":{"loc":{"start":{"line":66,"column":8},"end":{"line":69,"column":9}},"type":"if","locations":[{"start":{"line":66,"column":8},"end":{"line":69,"column":9}},{"start":{},"end":{}}],"line":66},"12":{"loc":{"start":{"line":74,"column":24},"end":{"line":74,"column":43}},"type":"binary-expr","locations":[{"start":{"line":74,"column":24},"end":{"line":74,"column":37}},{"start":{"line":74,"column":41},"end":{"line":74,"column":43}}],"line":74},"13":{"loc":{"start":{"line":76,"column":6},"end":{"line":94,"column":7}},"type":"if","locations":[{"start":{"line":76,"column":6},"end":{"line":94,"column":7}},{"start":{"line":92,"column":13},"end":{"line":94,"column":7}}],"line":76},"14":{"loc":{"start":{"line":76,"column":10},"end":{"line":76,"column":111}},"type":"binary-expr","locations":[{"start":{"line":76,"column":10},"end":{"line":76,"column":34}},{"start":{"line":76,"column":38},"end":{"line":76,"column":69}},{"start":{"line":76,"column":73},"end":{"line":76,"column":111}}],"line":76},"15":{"loc":{"start":{"line":78,"column":8},"end":{"line":81,"column":9}},"type":"if","locations":[{"start":{"line":78,"column":8},"end":{"line":81,"column":9}},{"start":{},"end":{}}],"line":78},"16":{"loc":{"start":{"line":78,"column":12},"end":{"line":78,"column":75}},"type":"binary-expr","locations":[{"start":{"line":78,"column":12},"end":{"line":78,"column":36}},{"start":{"line":78,"column":40},"end":{"line":78,"column":75}}],"line":78},"17":{"loc":{"start":{"line":80,"column":10},"end":{"line":80,"column":52}},"type":"if","locations":[{"start":{"line":80,"column":10},"end":{"line":80,"column":52}},{"start":{},"end":{}}],"line":80},"18":{"loc":{"start":{"line":84,"column":8},"end":{"line":87,"column":9}},"type":"if","locations":[{"start":{"line":84,"column":8},"end":{"line":87,"column":9}},{"start":{},"end":{}}],"line":84},"19":{"loc":{"start":{"line":90,"column":19},"end":{"line":90,"column":75}},"type":"cond-expr","locations":[{"start":{"line":90,"column":35},"end":{"line":90,"column":40}},{"start":{"line":90,"column":44},"end":{"line":90,"column":74}}],"line":90},"20":{"loc":{"start":{"line":90,"column":44},"end":{"line":90,"column":74}},"type":"cond-expr","locations":[{"start":{"line":90,"column":60},"end":{"line":90,"column":65}},{"start":{"line":90,"column":68},"end":{"line":90,"column":74}}],"line":90},"21":{"loc":{"start":{"line":104,"column":30},"end":{"line":104,"column":40}},"type":"default-arg","locations":[{"start":{"line":104,"column":38},"end":{"line":104,"column":40}}],"line":104},"22":{"loc":{"start":{"line":104,"column":42},"end":{"line":104,"column":60}},"type":"default-arg","locations":[{"start":{"line":104,"column":58},"end":{"line":104,"column":60}}],"line":104},"23":{"loc":{"start":{"line":104,"column":62},"end":{"line":104,"column":77}},"type":"default-arg","locations":[{"start":{"line":104,"column":75},"end":{"line":104,"column":77}}],"line":104},"24":{"loc":{"start":{"line":105,"column":35},"end":{"line":105,"column":45}},"type":"binary-expr","locations":[{"start":{"line":105,"column":35},"end":{"line":105,"column":39}},{"start":{"line":105,"column":43},"end":{"line":105,"column":45}}],"line":105},"25":{"loc":{"start":{"line":106,"column":23},"end":{"line":106,"column":39}},"type":"binary-expr","locations":[{"start":{"line":106,"column":23},"end":{"line":106,"column":33}},{"start":{"line":106,"column":37},"end":{"line":106,"column":39}}],"line":106},"26":{"loc":{"start":{"line":109,"column":2},"end":{"line":109,"column":156}},"type":"if","locations":[{"start":{"line":109,"column":2},"end":{"line":109,"column":156}},{"start":{},"end":{}}],"line":109},"27":{"loc":{"start":{"line":109,"column":6},"end":{"line":109,"column":142}},"type":"binary-expr","locations":[{"start":{"line":109,"column":6},"end":{"line":109,"column":37}},{"start":{"line":109,"column":41},"end":{"line":109,"column":72}},{"start":{"line":109,"column":76},"end":{"line":109,"column":107}},{"start":{"line":109,"column":111},"end":{"line":109,"column":142}}],"line":109},"28":{"loc":{"start":{"line":110,"column":2},"end":{"line":110,"column":82}},"type":"if","locations":[{"start":{"line":110,"column":2},"end":{"line":110,"column":82}},{"start":{},"end":{}}],"line":110},"29":{"loc":{"start":{"line":110,"column":6},"end":{"line":110,"column":68}},"type":"binary-expr","locations":[{"start":{"line":110,"column":6},"end":{"line":110,"column":36}},{"start":{"line":110,"column":40},"end":{"line":110,"column":68}}],"line":110},"30":{"loc":{"start":{"line":113,"column":2},"end":{"line":115,"column":3}},"type":"if","locations":[{"start":{"line":113,"column":2},"end":{"line":115,"column":3}},{"start":{},"end":{}}],"line":113},"31":{"loc":{"start":{"line":113,"column":6},"end":{"line":113,"column":94}},"type":"binary-expr","locations":[{"start":{"line":113,"column":6},"end":{"line":113,"column":33}},{"start":{"line":113,"column":37},"end":{"line":113,"column":65}},{"start":{"line":113,"column":69},"end":{"line":113,"column":94}}],"line":113},"32":{"loc":{"start":{"line":117,"column":2},"end":{"line":120,"column":3}},"type":"if","locations":[{"start":{"line":117,"column":2},"end":{"line":120,"column":3}},{"start":{},"end":{}}],"line":117},"33":{"loc":{"start":{"line":119,"column":11},"end":{"line":119,"column":47}},"type":"cond-expr","locations":[{"start":{"line":119,"column":36},"end":{"line":119,"column":40}},{"start":{"line":119,"column":43},"end":{"line":119,"column":47}}],"line":119},"34":{"loc":{"start":{"line":123,"column":20},"end":{"line":123,"column":30}},"type":"binary-expr","locations":[{"start":{"line":123,"column":20},"end":{"line":123,"column":24}},{"start":{"line":123,"column":28},"end":{"line":123,"column":30}}],"line":123},"35":{"loc":{"start":{"line":124,"column":23},"end":{"line":124,"column":63}},"type":"binary-expr","locations":[{"start":{"line":124,"column":23},"end":{"line":124,"column":57}},{"start":{"line":124,"column":61},"end":{"line":124,"column":63}}],"line":124},"36":{"loc":{"start":{"line":125,"column":22},"end":{"line":125,"column":55}},"type":"binary-expr","locations":[{"start":{"line":125,"column":22},"end":{"line":125,"column":49}},{"start":{"line":125,"column":53},"end":{"line":125,"column":55}}],"line":125},"37":{"loc":{"start":{"line":128,"column":2},"end":{"line":128,"column":63}},"type":"if","locations":[{"start":{"line":128,"column":2},"end":{"line":128,"column":63}},{"start":{},"end":{}}],"line":128},"38":{"loc":{"start":{"line":128,"column":26},"end":{"line":128,"column":62}},"type":"cond-expr","locations":[{"start":{"line":128,"column":51},"end":{"line":128,"column":55}},{"start":{"line":128,"column":58},"end":{"line":128,"column":62}}],"line":128},"39":{"loc":{"start":{"line":131,"column":2},"end":{"line":131,"column":59}},"type":"if","locations":[{"start":{"line":131,"column":2},"end":{"line":131,"column":59}},{"start":{},"end":{}}],"line":131},"40":{"loc":{"start":{"line":131,"column":6},"end":{"line":131,"column":45}},"type":"binary-expr","locations":[{"start":{"line":131,"column":6},"end":{"line":131,"column":15}},{"start":{"line":131,"column":19},"end":{"line":131,"column":45}}],"line":131},"41":{"loc":{"start":{"line":134,"column":2},"end":{"line":134,"column":36}},"type":"if","locations":[{"start":{"line":134,"column":2},"end":{"line":134,"column":36}},{"start":{},"end":{}}],"line":134},"42":{"loc":{"start":{"line":137,"column":2},"end":{"line":137,"column":66}},"type":"if","locations":[{"start":{"line":137,"column":2},"end":{"line":137,"column":66}},{"start":{},"end":{}}],"line":137},"43":{"loc":{"start":{"line":137,"column":6},"end":{"line":137,"column":52}},"type":"binary-expr","locations":[{"start":{"line":137,"column":6},"end":{"line":137,"column":32}},{"start":{"line":137,"column":36},"end":{"line":137,"column":52}}],"line":137},"44":{"loc":{"start":{"line":144,"column":2},"end":{"line":144,"column":25}},"type":"if","locations":[{"start":{"line":144,"column":2},"end":{"line":144,"column":25}},{"start":{},"end":{}}],"line":144},"45":{"loc":{"start":{"line":147,"column":2},"end":{"line":180,"column":3}},"type":"if","locations":[{"start":{"line":147,"column":2},"end":{"line":180,"column":3}},{"start":{},"end":{}}],"line":147},"46":{"loc":{"start":{"line":172,"column":6},"end":{"line":172,"column":66}},"type":"if","locations":[{"start":{"line":172,"column":6},"end":{"line":172,"column":66}},{"start":{},"end":{}}],"line":172},"47":{"loc":{"start":{"line":172,"column":10},"end":{"line":172,"column":51}},"type":"binary-expr","locations":[{"start":{"line":172,"column":10},"end":{"line":172,"column":30}},{"start":{"line":172,"column":34},"end":{"line":172,"column":51}}],"line":172},"48":{"loc":{"start":{"line":174,"column":6},"end":{"line":174,"column":51}},"type":"if","locations":[{"start":{"line":174,"column":6},"end":{"line":174,"column":51}},{"start":{},"end":{}}],"line":174},"49":{"loc":{"start":{"line":176,"column":6},"end":{"line":176,"column":61}},"type":"if","locations":[{"start":{"line":176,"column":6},"end":{"line":176,"column":61}},{"start":{},"end":{}}],"line":176},"50":{"loc":{"start":{"line":189,"column":2},"end":{"line":189,"column":61}},"type":"if","locations":[{"start":{"line":189,"column":2},"end":{"line":189,"column":61}},{"start":{},"end":{}}],"line":189},"51":{"loc":{"start":{"line":189,"column":6},"end":{"line":189,"column":39}},"type":"binary-expr","locations":[{"start":{"line":189,"column":6},"end":{"line":189,"column":17}},{"start":{"line":189,"column":21},"end":{"line":189,"column":39}}],"line":189},"52":{"loc":{"start":{"line":194,"column":42},"end":{"line":194,"column":58}},"type":"default-arg","locations":[{"start":{"line":194,"column":53},"end":{"line":194,"column":58}}],"line":194},"53":{"loc":{"start":{"line":195,"column":2},"end":{"line":195,"column":70}},"type":"if","locations":[{"start":{"line":195,"column":2},"end":{"line":195,"column":70}},{"start":{},"end":{}}],"line":195},"54":{"loc":{"start":{"line":195,"column":6},"end":{"line":195,"column":50}},"type":"binary-expr","locations":[{"start":{"line":195,"column":6},"end":{"line":195,"column":17}},{"start":{"line":195,"column":21},"end":{"line":195,"column":50}}],"line":195},"55":{"loc":{"start":{"line":198,"column":20},"end":{"line":198,"column":76}},"type":"binary-expr","locations":[{"start":{"line":198,"column":20},"end":{"line":198,"column":60}},{"start":{"line":198,"column":64},"end":{"line":198,"column":76}}],"line":198},"56":{"loc":{"start":{"line":203,"column":9},"end":{"line":203,"column":68}},"type":"binary-expr","locations":[{"start":{"line":203,"column":9},"end":{"line":203,"column":29}},{"start":{"line":203,"column":33},"end":{"line":203,"column":68}}],"line":203},"57":{"loc":{"start":{"line":211,"column":9},"end":{"line":211,"column":65}},"type":"binary-expr","locations":[{"start":{"line":211,"column":9},"end":{"line":211,"column":29}},{"start":{"line":211,"column":33},"end":{"line":211,"column":65}}],"line":211},"58":{"loc":{"start":{"line":219,"column":9},"end":{"line":219,"column":51}},"type":"binary-expr","locations":[{"start":{"line":219,"column":9},"end":{"line":219,"column":15}},{"start":{"line":219,"column":19},"end":{"line":219,"column":51}}],"line":219},"59":{"loc":{"start":{"line":232,"column":46},"end":{"line":232,"column":62}},"type":"default-arg","locations":[{"start":{"line":232,"column":58},"end":{"line":232,"column":62}}],"line":232},"60":{"loc":{"start":{"line":233,"column":2},"end":{"line":233,"column":71}},"type":"if","locations":[{"start":{"line":233,"column":2},"end":{"line":233,"column":71}},{"start":{},"end":{}}],"line":233},"61":{"loc":{"start":{"line":233,"column":6},"end":{"line":233,"column":51}},"type":"binary-expr","locations":[{"start":{"line":233,"column":6},"end":{"line":233,"column":17}},{"start":{"line":233,"column":21},"end":{"line":233,"column":51}}],"line":233},"62":{"loc":{"start":{"line":239,"column":20},"end":{"line":239,"column":76}},"type":"binary-expr","locations":[{"start":{"line":239,"column":20},"end":{"line":239,"column":60}},{"start":{"line":239,"column":64},"end":{"line":239,"column":76}}],"line":239},"63":{"loc":{"start":{"line":254,"column":27},"end":{"line":254,"column":71}},"type":"binary-expr","locations":[{"start":{"line":254,"column":27},"end":{"line":254,"column":65}},{"start":{"line":254,"column":69},"end":{"line":254,"column":71}}],"line":254},"64":{"loc":{"start":{"line":258,"column":6},"end":{"line":258,"column":65}},"type":"if","locations":[{"start":{"line":258,"column":6},"end":{"line":258,"column":65}},{"start":{},"end":{}}],"line":258},"65":{"loc":{"start":{"line":261,"column":4},"end":{"line":264,"column":5}},"type":"if","locations":[{"start":{"line":261,"column":4},"end":{"line":264,"column":5}},{"start":{},"end":{}}],"line":261},"66":{"loc":{"start":{"line":267,"column":9},"end":{"line":267,"column":57}},"type":"binary-expr","locations":[{"start":{"line":267,"column":9},"end":{"line":267,"column":19}},{"start":{"line":267,"column":23},"end":{"line":267,"column":57}}],"line":267},"67":{"loc":{"start":{"line":272,"column":2},"end":{"line":272,"column":53}},"type":"if","locations":[{"start":{"line":272,"column":2},"end":{"line":272,"column":53}},{"start":{},"end":{}}],"line":272},"68":{"loc":{"start":{"line":272,"column":6},"end":{"line":272,"column":39}},"type":"binary-expr","locations":[{"start":{"line":272,"column":6},"end":{"line":272,"column":11}},{"start":{"line":272,"column":15},"end":{"line":272,"column":39}}],"line":272},"69":{"loc":{"start":{"line":329,"column":2},"end":{"line":329,"column":24}},"type":"if","locations":[{"start":{"line":329,"column":2},"end":{"line":329,"column":24}},{"start":{},"end":{}}],"line":329},"70":{"loc":{"start":{"line":341,"column":2},"end":{"line":346,"column":3}},"type":"if","locations":[{"start":{"line":341,"column":2},"end":{"line":346,"column":3}},{"start":{},"end":{}}],"line":341},"71":{"loc":{"start":{"line":349,"column":2},"end":{"line":354,"column":3}},"type":"if","locations":[{"start":{"line":349,"column":2},"end":{"line":354,"column":3}},{"start":{},"end":{}}],"line":349},"72":{"loc":{"start":{"line":358,"column":2},"end":{"line":367,"column":3}},"type":"if","locations":[{"start":{"line":358,"column":2},"end":{"line":367,"column":3}},{"start":{},"end":{}}],"line":358},"73":{"loc":{"start":{"line":358,"column":6},"end":{"line":358,"column":46}},"type":"binary-expr","locations":[{"start":{"line":358,"column":6},"end":{"line":358,"column":24}},{"start":{"line":358,"column":28},"end":{"line":358,"column":46}}],"line":358},"74":{"loc":{"start":{"line":362,"column":6},"end":{"line":365,"column":7}},"type":"if","locations":[{"start":{"line":362,"column":6},"end":{"line":365,"column":7}},{"start":{},"end":{}}],"line":362},"75":{"loc":{"start":{"line":362,"column":10},"end":{"line":362,"column":37}},"type":"binary-expr","locations":[{"start":{"line":362,"column":10},"end":{"line":362,"column":22}},{"start":{"line":362,"column":26},"end":{"line":362,"column":37}}],"line":362},"76":{"loc":{"start":{"line":375,"column":2},"end":{"line":375,"column":57}},"type":"if","locations":[{"start":{"line":375,"column":2},"end":{"line":375,"column":57}},{"start":{},"end":{}}],"line":375},"77":{"loc":{"start":{"line":375,"column":6},"end":{"line":375,"column":43}},"type":"binary-expr","locations":[{"start":{"line":375,"column":6},"end":{"line":375,"column":17}},{"start":{"line":375,"column":21},"end":{"line":375,"column":43}}],"line":375},"78":{"loc":{"start":{"line":376,"column":17},"end":{"line":376,"column":79}},"type":"cond-expr","locations":[{"start":{"line":376,"column":50},"end":{"line":376,"column":74}},{"start":{"line":376,"column":77},"end":{"line":376,"column":79}}],"line":376},"79":{"loc":{"start":{"line":391,"column":35},"end":{"line":391,"column":52}},"type":"default-arg","locations":[{"start":{"line":391,"column":50},"end":{"line":391,"column":52}}],"line":391},"80":{"loc":{"start":{"line":393,"column":58},"end":{"line":393,"column":80}},"type":"binary-expr","locations":[{"start":{"line":393,"column":58},"end":{"line":393,"column":70}},{"start":{"line":393,"column":74},"end":{"line":393,"column":80}}],"line":393},"81":{"loc":{"start":{"line":396,"column":28},"end":{"line":396,"column":60}},"type":"default-arg","locations":[{"start":{"line":396,"column":36},"end":{"line":396,"column":60}}],"line":396},"82":{"loc":{"start":{"line":402,"column":8},"end":{"line":410,"column":9}},"type":"if","locations":[{"start":{"line":402,"column":8},"end":{"line":410,"column":9}},{"start":{"line":405,"column":15},"end":{"line":410,"column":9}}],"line":402},"83":{"loc":{"start":{"line":405,"column":15},"end":{"line":410,"column":9}},"type":"if","locations":[{"start":{"line":405,"column":15},"end":{"line":410,"column":9}},{"start":{"line":408,"column":15},"end":{"line":410,"column":9}}],"line":405},"84":{"loc":{"start":{"line":415,"column":21},"end":{"line":415,"column":51}},"type":"binary-expr","locations":[{"start":{"line":415,"column":21},"end":{"line":415,"column":32}},{"start":{"line":415,"column":36},"end":{"line":415,"column":51}}],"line":415},"85":{"loc":{"start":{"line":416,"column":15},"end":{"line":416,"column":97}},"type":"binary-expr","locations":[{"start":{"line":416,"column":15},"end":{"line":416,"column":27}},{"start":{"line":416,"column":31},"end":{"line":416,"column":43}},{"start":{"line":416,"column":47},"end":{"line":416,"column":59}},{"start":{"line":416,"column":63},"end":{"line":416,"column":97}}],"line":416},"86":{"loc":{"start":{"line":420,"column":6},"end":{"line":433,"column":7}},"type":"if","locations":[{"start":{"line":420,"column":6},"end":{"line":433,"column":7}},{"start":{},"end":{}}],"line":420},"87":{"loc":{"start":{"line":426,"column":10},"end":{"line":429,"column":11}},"type":"if","locations":[{"start":{"line":426,"column":10},"end":{"line":429,"column":11}},{"start":{},"end":{}}],"line":426},"88":{"loc":{"start":{"line":426,"column":14},"end":{"line":426,"column":62}},"type":"binary-expr","locations":[{"start":{"line":426,"column":14},"end":{"line":426,"column":27}},{"start":{"line":426,"column":31},"end":{"line":426,"column":62}}],"line":426},"89":{"loc":{"start":{"line":431,"column":49},"end":{"line":431,"column":76}},"type":"binary-expr","locations":[{"start":{"line":431,"column":49},"end":{"line":431,"column":63}},{"start":{"line":431,"column":67},"end":{"line":431,"column":76}}],"line":431},"90":{"loc":{"start":{"line":436,"column":6},"end":{"line":451,"column":7}},"type":"if","locations":[{"start":{"line":436,"column":6},"end":{"line":451,"column":7}},{"start":{},"end":{}}],"line":436},"91":{"loc":{"start":{"line":444,"column":10},"end":{"line":447,"column":11}},"type":"if","locations":[{"start":{"line":444,"column":10},"end":{"line":447,"column":11}},{"start":{},"end":{}}],"line":444},"92":{"loc":{"start":{"line":444,"column":14},"end":{"line":444,"column":62}},"type":"binary-expr","locations":[{"start":{"line":444,"column":14},"end":{"line":444,"column":27}},{"start":{"line":444,"column":31},"end":{"line":444,"column":62}}],"line":444},"93":{"loc":{"start":{"line":449,"column":51},"end":{"line":449,"column":80}},"type":"binary-expr","locations":[{"start":{"line":449,"column":51},"end":{"line":449,"column":67}},{"start":{"line":449,"column":71},"end":{"line":449,"column":80}}],"line":449},"94":{"loc":{"start":{"line":454,"column":6},"end":{"line":473,"column":7}},"type":"if","locations":[{"start":{"line":454,"column":6},"end":{"line":473,"column":7}},{"start":{},"end":{}}],"line":454},"95":{"loc":{"start":{"line":464,"column":12},"end":{"line":467,"column":13}},"type":"if","locations":[{"start":{"line":464,"column":12},"end":{"line":467,"column":13}},{"start":{},"end":{}}],"line":464},"96":{"loc":{"start":{"line":464,"column":16},"end":{"line":464,"column":64}},"type":"binary-expr","locations":[{"start":{"line":464,"column":16},"end":{"line":464,"column":29}},{"start":{"line":464,"column":33},"end":{"line":464,"column":64}}],"line":464},"97":{"loc":{"start":{"line":470,"column":12},"end":{"line":470,"column":46}},"type":"if","locations":[{"start":{"line":470,"column":12},"end":{"line":470,"column":46}},{"start":{},"end":{}}],"line":470},"98":{"loc":{"start":{"line":483,"column":32},"end":{"line":483,"column":47}},"type":"default-arg","locations":[{"start":{"line":483,"column":45},"end":{"line":483,"column":47}}],"line":483},"99":{"loc":{"start":{"line":491,"column":23},"end":{"line":491,"column":51}},"type":"binary-expr","locations":[{"start":{"line":491,"column":23},"end":{"line":491,"column":35}},{"start":{"line":491,"column":39},"end":{"line":491,"column":51}}],"line":491},"100":{"loc":{"start":{"line":509,"column":27},"end":{"line":511,"column":23}},"type":"cond-expr","locations":[{"start":{"line":510,"column":10},"end":{"line":510,"column":69}},{"start":{"line":511,"column":10},"end":{"line":511,"column":23}}],"line":509},"101":{"loc":{"start":{"line":539,"column":36},"end":{"line":539,"column":51}},"type":"default-arg","locations":[{"start":{"line":539,"column":49},"end":{"line":539,"column":51}}],"line":539},"102":{"loc":{"start":{"line":539,"column":53},"end":{"line":539,"column":63}},"type":"default-arg","locations":[{"start":{"line":539,"column":61},"end":{"line":539,"column":63}}],"line":539},"103":{"loc":{"start":{"line":539,"column":65},"end":{"line":539,"column":83}},"type":"default-arg","locations":[{"start":{"line":539,"column":81},"end":{"line":539,"column":83}}],"line":539},"104":{"loc":{"start":{"line":540,"column":32},"end":{"line":540,"column":48}},"type":"binary-expr","locations":[{"start":{"line":540,"column":32},"end":{"line":540,"column":42}},{"start":{"line":540,"column":46},"end":{"line":540,"column":48}}],"line":540},"105":{"loc":{"start":{"line":545,"column":6},"end":{"line":547,"column":7}},"type":"if","locations":[{"start":{"line":545,"column":6},"end":{"line":547,"column":7}},{"start":{},"end":{}}],"line":545},"106":{"loc":{"start":{"line":546,"column":15},"end":{"line":546,"column":151}},"type":"cond-expr","locations":[{"start":{"line":546,"column":26},"end":{"line":546,"column":81}},{"start":{"line":546,"column":84},"end":{"line":546,"column":151}}],"line":546},"107":{"loc":{"start":{"line":550,"column":42},"end":{"line":580,"column":162}},"type":"cond-expr","locations":[{"start":{"line":550,"column":53},"end":{"line":567,"column":114}},{"start":{"line":567,"column":117},"end":{"line":580,"column":162}}],"line":550},"108":{"loc":{"start":{"line":586,"column":38},"end":{"line":586,"column":194}},"type":"cond-expr","locations":[{"start":{"line":586,"column":49},"end":{"line":586,"column":106}},{"start":{"line":586,"column":109},"end":{"line":586,"column":194}}],"line":586},"109":{"loc":{"start":{"line":601,"column":6},"end":{"line":601,"column":57}},"type":"if","locations":[{"start":{"line":601,"column":6},"end":{"line":601,"column":57}},{"start":{},"end":{}}],"line":601},"110":{"loc":{"start":{"line":604,"column":6},"end":{"line":609,"column":7}},"type":"if","locations":[{"start":{"line":604,"column":6},"end":{"line":609,"column":7}},{"start":{},"end":{}}],"line":604},"111":{"loc":{"start":{"line":604,"column":10},"end":{"line":604,"column":64}},"type":"binary-expr","locations":[{"start":{"line":604,"column":10},"end":{"line":604,"column":30}},{"start":{"line":604,"column":34},"end":{"line":604,"column":64}}],"line":604},"112":{"loc":{"start":{"line":608,"column":8},"end":{"line":608,"column":118}},"type":"if","locations":[{"start":{"line":608,"column":8},"end":{"line":608,"column":118}},{"start":{},"end":{}}],"line":608},"113":{"loc":{"start":{"line":608,"column":60},"end":{"line":608,"column":117}},"type":"cond-expr","locations":[{"start":{"line":608,"column":71},"end":{"line":608,"column":102}},{"start":{"line":608,"column":105},"end":{"line":608,"column":117}}],"line":608},"114":{"loc":{"start":{"line":614,"column":13},"end":{"line":614,"column":131}},"type":"cond-expr","locations":[{"start":{"line":614,"column":24},"end":{"line":614,"column":75}},{"start":{"line":614,"column":78},"end":{"line":614,"column":131}}],"line":614},"115":{"loc":{"start":{"line":619,"column":48},"end":{"line":619,"column":63}},"type":"default-arg","locations":[{"start":{"line":619,"column":61},"end":{"line":619,"column":63}}],"line":619},"116":{"loc":{"start":{"line":619,"column":65},"end":{"line":619,"column":75}},"type":"default-arg","locations":[{"start":{"line":619,"column":73},"end":{"line":619,"column":75}}],"line":619},"117":{"loc":{"start":{"line":619,"column":77},"end":{"line":619,"column":95}},"type":"default-arg","locations":[{"start":{"line":619,"column":93},"end":{"line":619,"column":95}}],"line":619},"118":{"loc":{"start":{"line":620,"column":32},"end":{"line":620,"column":48}},"type":"binary-expr","locations":[{"start":{"line":620,"column":32},"end":{"line":620,"column":42}},{"start":{"line":620,"column":46},"end":{"line":620,"column":48}}],"line":620},"119":{"loc":{"start":{"line":625,"column":6},"end":{"line":627,"column":7}},"type":"if","locations":[{"start":{"line":625,"column":6},"end":{"line":627,"column":7}},{"start":{},"end":{}}],"line":625},"120":{"loc":{"start":{"line":626,"column":15},"end":{"line":626,"column":148}},"type":"cond-expr","locations":[{"start":{"line":626,"column":26},"end":{"line":626,"column":74}},{"start":{"line":626,"column":77},"end":{"line":626,"column":148}}],"line":626},"121":{"loc":{"start":{"line":631,"column":25},"end":{"line":663,"column":86}},"type":"cond-expr","locations":[{"start":{"line":632,"column":10},"end":{"line":648,"column":77}},{"start":{"line":649,"column":10},"end":{"line":663,"column":86}}],"line":631},"122":{"loc":{"start":{"line":671,"column":38},"end":{"line":671,"column":256}},"type":"cond-expr","locations":[{"start":{"line":671,"column":49},"end":{"line":671,"column":137}},{"start":{"line":671,"column":140},"end":{"line":671,"column":256}}],"line":671},"123":{"loc":{"start":{"line":686,"column":6},"end":{"line":686,"column":65}},"type":"if","locations":[{"start":{"line":686,"column":6},"end":{"line":686,"column":65}},{"start":{},"end":{}}],"line":686},"124":{"loc":{"start":{"line":689,"column":6},"end":{"line":694,"column":7}},"type":"if","locations":[{"start":{"line":689,"column":6},"end":{"line":694,"column":7}},{"start":{},"end":{}}],"line":689},"125":{"loc":{"start":{"line":689,"column":10},"end":{"line":689,"column":68}},"type":"binary-expr","locations":[{"start":{"line":689,"column":10},"end":{"line":689,"column":34}},{"start":{"line":689,"column":38},"end":{"line":689,"column":68}}],"line":689},"126":{"loc":{"start":{"line":693,"column":8},"end":{"line":693,"column":117}},"type":"if","locations":[{"start":{"line":693,"column":8},"end":{"line":693,"column":117}},{"start":{},"end":{}}],"line":693},"127":{"loc":{"start":{"line":693,"column":65},"end":{"line":693,"column":116}},"type":"cond-expr","locations":[{"start":{"line":693,"column":76},"end":{"line":693,"column":104}},{"start":{"line":693,"column":107},"end":{"line":693,"column":116}}],"line":693},"128":{"loc":{"start":{"line":699,"column":19},"end":{"line":699,"column":96}},"type":"binary-expr","locations":[{"start":{"line":699,"column":19},"end":{"line":699,"column":41}},{"start":{"line":699,"column":46},"end":{"line":699,"column":56}},{"start":{"line":699,"column":60},"end":{"line":699,"column":95}}],"line":699},"129":{"loc":{"start":{"line":700,"column":13},"end":{"line":700,"column":100}},"type":"cond-expr","locations":[{"start":{"line":700,"column":20},"end":{"line":700,"column":55}},{"start":{"line":700,"column":58},"end":{"line":700,"column":100}}],"line":700},"130":{"loc":{"start":{"line":705,"column":37},"end":{"line":705,"column":52}},"type":"default-arg","locations":[{"start":{"line":705,"column":50},"end":{"line":705,"column":52}}],"line":705},"131":{"loc":{"start":{"line":705,"column":54},"end":{"line":705,"column":64}},"type":"default-arg","locations":[{"start":{"line":705,"column":62},"end":{"line":705,"column":64}}],"line":705},"132":{"loc":{"start":{"line":705,"column":66},"end":{"line":705,"column":84}},"type":"default-arg","locations":[{"start":{"line":705,"column":82},"end":{"line":705,"column":84}}],"line":705},"133":{"loc":{"start":{"line":708,"column":6},"end":{"line":710,"column":7}},"type":"if","locations":[{"start":{"line":708,"column":6},"end":{"line":710,"column":7}},{"start":{},"end":{}}],"line":708},"134":{"loc":{"start":{"line":715,"column":25},"end":{"line":742,"column":53}},"type":"cond-expr","locations":[{"start":{"line":716,"column":10},"end":{"line":729,"column":68}},{"start":{"line":730,"column":10},"end":{"line":742,"column":53}}],"line":715},"135":{"loc":{"start":{"line":754,"column":37},"end":{"line":754,"column":102}},"type":"cond-expr","locations":[{"start":{"line":754,"column":46},"end":{"line":754,"column":82}},{"start":{"line":754,"column":85},"end":{"line":754,"column":102}}],"line":754},"136":{"loc":{"start":{"line":769,"column":26},"end":{"line":769,"column":67}},"type":"binary-expr","locations":[{"start":{"line":769,"column":26},"end":{"line":769,"column":61}},{"start":{"line":769,"column":65},"end":{"line":769,"column":67}}],"line":769},"137":{"loc":{"start":{"line":771,"column":22},"end":{"line":771,"column":82}},"type":"binary-expr","locations":[{"start":{"line":771,"column":22},"end":{"line":771,"column":37}},{"start":{"line":771,"column":42},"end":{"line":771,"column":81}}],"line":771},"138":{"loc":{"start":{"line":771,"column":42},"end":{"line":771,"column":81}},"type":"cond-expr","locations":[{"start":{"line":771,"column":67},"end":{"line":771,"column":74}},{"start":{"line":771,"column":77},"end":{"line":771,"column":81}}],"line":771},"139":{"loc":{"start":{"line":774,"column":6},"end":{"line":780,"column":7}},"type":"if","locations":[{"start":{"line":774,"column":6},"end":{"line":780,"column":7}},{"start":{},"end":{}}],"line":774},"140":{"loc":{"start":{"line":774,"column":10},"end":{"line":774,"column":77}},"type":"binary-expr","locations":[{"start":{"line":774,"column":10},"end":{"line":774,"column":35}},{"start":{"line":774,"column":39},"end":{"line":774,"column":46}},{"start":{"line":774,"column":50},"end":{"line":774,"column":77}}],"line":774},"141":{"loc":{"start":{"line":775,"column":58},"end":{"line":775,"column":99}},"type":"binary-expr","locations":[{"start":{"line":775,"column":58},"end":{"line":775,"column":79}},{"start":{"line":775,"column":83},"end":{"line":775,"column":99}}],"line":775},"142":{"loc":{"start":{"line":776,"column":8},"end":{"line":779,"column":9}},"type":"if","locations":[{"start":{"line":776,"column":8},"end":{"line":779,"column":9}},{"start":{},"end":{}}],"line":776},"143":{"loc":{"start":{"line":777,"column":10},"end":{"line":778,"column":69}},"type":"if","locations":[{"start":{"line":777,"column":10},"end":{"line":778,"column":69}},{"start":{"line":778,"column":15},"end":{"line":778,"column":69}}],"line":777},"144":{"loc":{"start":{"line":782,"column":6},"end":{"line":799,"column":7}},"type":"if","locations":[{"start":{"line":782,"column":6},"end":{"line":799,"column":7}},{"start":{},"end":{}}],"line":782},"145":{"loc":{"start":{"line":782,"column":10},"end":{"line":782,"column":58}},"type":"binary-expr","locations":[{"start":{"line":782,"column":10},"end":{"line":782,"column":34}},{"start":{"line":782,"column":38},"end":{"line":782,"column":58}}],"line":782},"146":{"loc":{"start":{"line":785,"column":10},"end":{"line":785,"column":80}},"type":"if","locations":[{"start":{"line":785,"column":10},"end":{"line":785,"column":80}},{"start":{},"end":{}}],"line":785},"147":{"loc":{"start":{"line":785,"column":44},"end":{"line":785,"column":79}},"type":"cond-expr","locations":[{"start":{"line":785,"column":55},"end":{"line":785,"column":75}},{"start":{"line":785,"column":78},"end":{"line":785,"column":79}}],"line":785},"148":{"loc":{"start":{"line":787,"column":10},"end":{"line":794,"column":11}},"type":"if","locations":[{"start":{"line":787,"column":10},"end":{"line":794,"column":11}},{"start":{},"end":{}}],"line":787},"149":{"loc":{"start":{"line":787,"column":14},"end":{"line":787,"column":49}},"type":"binary-expr","locations":[{"start":{"line":787,"column":14},"end":{"line":787,"column":35}},{"start":{"line":787,"column":39},"end":{"line":787,"column":49}}],"line":787},"150":{"loc":{"start":{"line":789,"column":12},"end":{"line":792,"column":13}},"type":"if","locations":[{"start":{"line":789,"column":12},"end":{"line":792,"column":13}},{"start":{},"end":{}}],"line":789},"151":{"loc":{"start":{"line":791,"column":21},"end":{"line":791,"column":62}},"type":"cond-expr","locations":[{"start":{"line":791,"column":32},"end":{"line":791,"column":55}},{"start":{"line":791,"column":58},"end":{"line":791,"column":62}}],"line":791},"152":{"loc":{"start":{"line":793,"column":19},"end":{"line":793,"column":86}},"type":"cond-expr","locations":[{"start":{"line":793,"column":30},"end":{"line":793,"column":66}},{"start":{"line":793,"column":69},"end":{"line":793,"column":86}}],"line":793},"153":{"loc":{"start":{"line":795,"column":24},"end":{"line":795,"column":31}},"type":"binary-expr","locations":[{"start":{"line":795,"column":24},"end":{"line":795,"column":25}},{"start":{"line":795,"column":29},"end":{"line":795,"column":31}}],"line":795},"154":{"loc":{"start":{"line":804,"column":19},"end":{"line":804,"column":96}},"type":"binary-expr","locations":[{"start":{"line":804,"column":19},"end":{"line":804,"column":41}},{"start":{"line":804,"column":46},"end":{"line":804,"column":56}},{"start":{"line":804,"column":60},"end":{"line":804,"column":95}}],"line":804},"155":{"loc":{"start":{"line":806,"column":8},"end":{"line":806,"column":121}},"type":"cond-expr","locations":[{"start":{"line":806,"column":15},"end":{"line":806,"column":63}},{"start":{"line":806,"column":66},"end":{"line":806,"column":121}}],"line":806},"156":{"loc":{"start":{"line":807,"column":8},"end":{"line":807,"column":104}},"type":"cond-expr","locations":[{"start":{"line":807,"column":15},"end":{"line":807,"column":55}},{"start":{"line":807,"column":58},"end":{"line":807,"column":104}}],"line":807},"157":{"loc":{"start":{"line":813,"column":38},"end":{"line":813,"column":53}},"type":"default-arg","locations":[{"start":{"line":813,"column":51},"end":{"line":813,"column":53}}],"line":813},"158":{"loc":{"start":{"line":813,"column":55},"end":{"line":813,"column":65}},"type":"default-arg","locations":[{"start":{"line":813,"column":63},"end":{"line":813,"column":65}}],"line":813},"159":{"loc":{"start":{"line":813,"column":67},"end":{"line":813,"column":85}},"type":"default-arg","locations":[{"start":{"line":813,"column":83},"end":{"line":813,"column":85}}],"line":813},"160":{"loc":{"start":{"line":814,"column":32},"end":{"line":814,"column":48}},"type":"binary-expr","locations":[{"start":{"line":814,"column":32},"end":{"line":814,"column":42}},{"start":{"line":814,"column":46},"end":{"line":814,"column":48}}],"line":814},"161":{"loc":{"start":{"line":819,"column":6},"end":{"line":821,"column":7}},"type":"if","locations":[{"start":{"line":819,"column":6},"end":{"line":821,"column":7}},{"start":{},"end":{}}],"line":819},"162":{"loc":{"start":{"line":819,"column":10},"end":{"line":819,"column":68}},"type":"binary-expr","locations":[{"start":{"line":819,"column":10},"end":{"line":819,"column":41}},{"start":{"line":819,"column":45},"end":{"line":819,"column":68}}],"line":819},"163":{"loc":{"start":{"line":824,"column":25},"end":{"line":864,"column":199}},"type":"cond-expr","locations":[{"start":{"line":825,"column":10},"end":{"line":846,"column":181}},{"start":{"line":847,"column":10},"end":{"line":864,"column":199}}],"line":824},"164":{"loc":{"start":{"line":889,"column":30},"end":{"line":889,"column":71}},"type":"binary-expr","locations":[{"start":{"line":889,"column":30},"end":{"line":889,"column":65}},{"start":{"line":889,"column":69},"end":{"line":889,"column":71}}],"line":889},"165":{"loc":{"start":{"line":891,"column":6},"end":{"line":913,"column":7}},"type":"if","locations":[{"start":{"line":891,"column":6},"end":{"line":913,"column":7}},{"start":{"line":911,"column":13},"end":{"line":913,"column":7}}],"line":891},"166":{"loc":{"start":{"line":891,"column":10},"end":{"line":891,"column":96}},"type":"binary-expr","locations":[{"start":{"line":891,"column":10},"end":{"line":891,"column":28}},{"start":{"line":891,"column":32},"end":{"line":891,"column":64}},{"start":{"line":891,"column":68},"end":{"line":891,"column":96}}],"line":891},"167":{"loc":{"start":{"line":894,"column":10},"end":{"line":896,"column":11}},"type":"if","locations":[{"start":{"line":894,"column":10},"end":{"line":896,"column":11}},{"start":{},"end":{}}],"line":894},"168":{"loc":{"start":{"line":894,"column":14},"end":{"line":894,"column":93}},"type":"binary-expr","locations":[{"start":{"line":894,"column":14},"end":{"line":894,"column":28}},{"start":{"line":894,"column":32},"end":{"line":894,"column":65}},{"start":{"line":894,"column":69},"end":{"line":894,"column":93}}],"line":894},"169":{"loc":{"start":{"line":895,"column":28},"end":{"line":895,"column":100}},"type":"cond-expr","locations":[{"start":{"line":895,"column":39},"end":{"line":895,"column":64}},{"start":{"line":895,"column":67},"end":{"line":895,"column":100}}],"line":895},"170":{"loc":{"start":{"line":899,"column":8},"end":{"line":908,"column":9}},"type":"if","locations":[{"start":{"line":899,"column":8},"end":{"line":908,"column":9}},{"start":{},"end":{}}],"line":899},"171":{"loc":{"start":{"line":901,"column":37},"end":{"line":901,"column":105}},"type":"cond-expr","locations":[{"start":{"line":901,"column":63},"end":{"line":901,"column":85}},{"start":{"line":901,"column":88},"end":{"line":901,"column":105}}],"line":901},"172":{"loc":{"start":{"line":901,"column":95},"end":{"line":901,"column":104}},"type":"binary-expr","locations":[{"start":{"line":901,"column":95},"end":{"line":901,"column":98}},{"start":{"line":901,"column":102},"end":{"line":901,"column":104}}],"line":901},"173":{"loc":{"start":{"line":904,"column":12},"end":{"line":906,"column":13}},"type":"if","locations":[{"start":{"line":904,"column":12},"end":{"line":906,"column":13}},{"start":{},"end":{}}],"line":904},"174":{"loc":{"start":{"line":921,"column":39},"end":{"line":921,"column":54}},"type":"default-arg","locations":[{"start":{"line":921,"column":52},"end":{"line":921,"column":54}}],"line":921},"175":{"loc":{"start":{"line":921,"column":56},"end":{"line":921,"column":66}},"type":"default-arg","locations":[{"start":{"line":921,"column":64},"end":{"line":921,"column":66}}],"line":921},"176":{"loc":{"start":{"line":921,"column":68},"end":{"line":921,"column":86}},"type":"default-arg","locations":[{"start":{"line":921,"column":84},"end":{"line":921,"column":86}}],"line":921},"177":{"loc":{"start":{"line":922,"column":32},"end":{"line":922,"column":48}},"type":"binary-expr","locations":[{"start":{"line":922,"column":32},"end":{"line":922,"column":42}},{"start":{"line":922,"column":46},"end":{"line":922,"column":48}}],"line":922},"178":{"loc":{"start":{"line":927,"column":6},"end":{"line":929,"column":7}},"type":"if","locations":[{"start":{"line":927,"column":6},"end":{"line":929,"column":7}},{"start":{},"end":{}}],"line":927},"179":{"loc":{"start":{"line":927,"column":10},"end":{"line":927,"column":68}},"type":"binary-expr","locations":[{"start":{"line":927,"column":10},"end":{"line":927,"column":41}},{"start":{"line":927,"column":45},"end":{"line":927,"column":68}}],"line":927},"180":{"loc":{"start":{"line":932,"column":25},"end":{"line":969,"column":86}},"type":"cond-expr","locations":[{"start":{"line":933,"column":10},"end":{"line":951,"column":92}},{"start":{"line":952,"column":10},"end":{"line":969,"column":86}}],"line":932},"181":{"loc":{"start":{"line":994,"column":31},"end":{"line":994,"column":72}},"type":"binary-expr","locations":[{"start":{"line":994,"column":31},"end":{"line":994,"column":66}},{"start":{"line":994,"column":70},"end":{"line":994,"column":72}}],"line":994},"182":{"loc":{"start":{"line":996,"column":6},"end":{"line":1009,"column":7}},"type":"if","locations":[{"start":{"line":996,"column":6},"end":{"line":1009,"column":7}},{"start":{"line":1007,"column":13},"end":{"line":1009,"column":7}}],"line":996},"183":{"loc":{"start":{"line":996,"column":10},"end":{"line":996,"column":99}},"type":"binary-expr","locations":[{"start":{"line":996,"column":10},"end":{"line":996,"column":29}},{"start":{"line":996,"column":33},"end":{"line":996,"column":66}},{"start":{"line":996,"column":70},"end":{"line":996,"column":99}}],"line":996},"184":{"loc":{"start":{"line":998,"column":8},"end":{"line":1004,"column":9}},"type":"if","locations":[{"start":{"line":998,"column":8},"end":{"line":1004,"column":9}},{"start":{},"end":{}}],"line":998},"185":{"loc":{"start":{"line":1000,"column":37},"end":{"line":1000,"column":105}},"type":"cond-expr","locations":[{"start":{"line":1000,"column":63},"end":{"line":1000,"column":85}},{"start":{"line":1000,"column":88},"end":{"line":1000,"column":105}}],"line":1000},"186":{"loc":{"start":{"line":1000,"column":95},"end":{"line":1000,"column":104}},"type":"binary-expr","locations":[{"start":{"line":1000,"column":95},"end":{"line":1000,"column":98}},{"start":{"line":1000,"column":102},"end":{"line":1000,"column":104}}],"line":1000},"187":{"loc":{"start":{"line":1017,"column":47},"end":{"line":1017,"column":57}},"type":"default-arg","locations":[{"start":{"line":1017,"column":55},"end":{"line":1017,"column":57}}],"line":1017},"188":{"loc":{"start":{"line":1019,"column":6},"end":{"line":1021,"column":7}},"type":"if","locations":[{"start":{"line":1019,"column":6},"end":{"line":1021,"column":7}},{"start":{},"end":{}}],"line":1019},"189":{"loc":{"start":{"line":1019,"column":10},"end":{"line":1019,"column":53}},"type":"binary-expr","locations":[{"start":{"line":1019,"column":10},"end":{"line":1019,"column":21}},{"start":{"line":1019,"column":25},"end":{"line":1019,"column":53}}],"line":1019},"190":{"loc":{"start":{"line":1029,"column":25},"end":{"line":1047,"column":33}},"type":"cond-expr","locations":[{"start":{"line":1030,"column":10},"end":{"line":1038,"column":32}},{"start":{"line":1039,"column":10},"end":{"line":1047,"column":33}}],"line":1029},"191":{"loc":{"start":{"line":1061,"column":6},"end":{"line":1061,"column":53}},"type":"if","locations":[{"start":{"line":1061,"column":6},"end":{"line":1061,"column":53}},{"start":{},"end":{}}],"line":1061},"192":{"loc":{"start":{"line":1089,"column":29},"end":{"line":1089,"column":61}},"type":"default-arg","locations":[{"start":{"line":1089,"column":39},"end":{"line":1089,"column":61}}],"line":1089},"193":{"loc":{"start":{"line":1089,"column":63},"end":{"line":1089,"column":78}},"type":"default-arg","locations":[{"start":{"line":1089,"column":74},"end":{"line":1089,"column":78}}],"line":1089},"194":{"loc":{"start":{"line":1093,"column":6},"end":{"line":1093,"column":60}},"type":"if","locations":[{"start":{"line":1093,"column":6},"end":{"line":1093,"column":60}},{"start":{},"end":{}}],"line":1093},"195":{"loc":{"start":{"line":1107,"column":6},"end":{"line":1109,"column":7}},"type":"if","locations":[{"start":{"line":1107,"column":6},"end":{"line":1109,"column":7}},{"start":{},"end":{}}],"line":1107},"196":{"loc":{"start":{"line":1115,"column":8},"end":{"line":1115,"column":58}},"type":"if","locations":[{"start":{"line":1115,"column":8},"end":{"line":1115,"column":58}},{"start":{},"end":{}}],"line":1115},"197":{"loc":{"start":{"line":1128,"column":8},"end":{"line":1130,"column":9}},"type":"if","locations":[{"start":{"line":1128,"column":8},"end":{"line":1130,"column":9}},{"start":{},"end":{}}],"line":1128}},"s":{"0":1,"1":1,"2":1,"3":1,"4":0,"5":0,"6":0,"7":0,"8":0,"9":0,"10":0,"11":0,"12":0,"13":0,"14":0,"15":0,"16":0,"17":0,"18":0,"19":0,"20":0,"21":0,"22":0,"23":0,"24":0,"25":0,"26":1,"27":0,"28":0,"29":1,"30":1,"31":1,"32":1,"33":1,"34":0,"35":0,"36":0,"37":0,"38":0,"39":0,"40":0,"41":0,"42":0,"43":0,"44":0,"45":0,"46":0,"47":0,"48":0,"49":0,"50":0,"51":0,"52":0,"53":0,"54":0,"55":0,"56":0,"57":0,"58":9,"59":9,"60":9,"61":1,"62":8,"63":1,"64":7,"65":1,"66":6,"67":3,"68":3,"69":3,"70":3,"71":3,"72":3,"73":0,"74":3,"75":2,"76":1,"77":0,"78":1,"79":0,"80":1,"81":7,"82":2,"83":5,"84":5,"85":5,"86":5,"87":6,"88":6,"89":4,"90":2,"91":0,"92":2,"93":0,"94":2,"95":5,"96":5,"97":4,"98":3,"99":1,"100":6,"101":3,"102":3,"103":3,"104":3,"105":3,"106":3,"107":94,"108":94,"109":3,"110":3,"111":3,"112":3,"113":94,"114":94,"115":3,"116":3,"117":3,"118":3,"119":94,"120":94,"121":94,"122":3,"123":0,"124":0,"125":0,"126":0,"127":0,"128":0,"129":0,"130":0,"131":0,"132":0,"133":0,"134":0,"135":0,"136":0,"137":0,"138":0,"139":0,"140":0,"141":0,"142":0,"143":0,"144":0,"145":0,"146":0,"147":13,"148":3,"149":10,"150":10,"151":10,"152":10,"153":10,"154":10,"155":10,"156":10,"157":10,"158":10,"159":10,"160":10,"161":10,"162":10,"163":10,"164":10,"165":10,"166":10,"167":10,"168":10,"169":10,"170":10,"171":10,"172":10,"173":10,"174":10,"175":10,"176":10,"177":10,"178":10,"179":10,"180":10,"181":10,"182":10,"183":2,"184":8,"185":8,"186":8,"187":8,"188":4,"189":4,"190":2,"191":2,"192":2,"193":2,"194":2,"195":1,"196":1,"197":1,"198":1,"199":0,"200":0,"201":0,"202":0,"203":0,"204":0,"205":1,"206":1,"207":0,"208":0,"209":0,"210":0,"211":0,"212":0,"213":0,"214":0,"215":0,"216":0,"217":0,"218":0,"219":0,"220":0,"221":0,"222":0,"223":0,"224":0,"225":0,"226":0,"227":0,"228":0,"229":0,"230":0,"231":0,"232":0,"233":0,"234":0,"235":0,"236":0,"237":0,"238":0,"239":0,"240":0,"241":0,"242":0,"243":0,"244":0,"245":0,"246":0,"247":0,"248":0,"249":0,"250":0,"251":0,"252":0,"253":0,"254":0,"255":0,"256":0,"257":0,"258":0,"259":0,"260":0,"261":0,"262":0,"263":0,"264":0,"265":0,"266":0,"267":0,"268":0,"269":0,"270":0,"271":0,"272":0,"273":0,"274":0,"275":0,"276":0,"277":0,"278":0,"279":0,"280":0,"281":0,"282":0,"283":0,"284":0,"285":0,"286":0,"287":0,"288":0,"289":0,"290":0,"291":0,"292":0,"293":0,"294":0,"295":0,"296":0,"297":0,"298":0,"299":0,"300":0,"301":0,"302":0,"303":0,"304":0,"305":0,"306":0,"307":0,"308":0,"309":0,"310":0,"311":0,"312":0,"313":0,"314":0,"315":0,"316":0,"317":0,"318":0,"319":0,"320":0,"321":0,"322":0,"323":0,"324":0,"325":0,"326":0,"327":0,"328":0,"329":0,"330":0,"331":0,"332":0,"333":0,"334":0,"335":0,"336":0,"337":0,"338":0,"339":0,"340":0,"341":0,"342":0,"343":0,"344":0,"345":0,"346":0,"347":0,"348":0,"349":0,"350":0,"351":0,"352":0,"353":0,"354":0,"355":0,"356":0,"357":0,"358":0,"359":0,"360":0,"361":0,"362":0,"363":0,"364":0,"365":0,"366":0,"367":0,"368":0,"369":0,"370":0,"371":0,"372":0,"373":0,"374":0,"375":0,"376":0,"377":0,"378":0,"379":0,"380":0,"381":0,"382":0,"383":0,"384":0,"385":0,"386":0,"387":0,"388":0,"389":0,"390":0,"391":0,"392":0,"393":0,"394":0,"395":0,"396":0,"397":0,"398":0,"399":0,"400":0,"401":0,"402":0,"403":0,"404":0,"405":0,"406":0,"407":0,"408":0,"409":0,"410":0,"411":0,"412":0,"413":0,"414":0,"415":0,"416":0,"417":0,"418":0,"419":0,"420":0,"421":0,"422":0,"423":0,"424":0,"425":0,"426":0,"427":0,"428":0,"429":0,"430":0,"431":0,"432":0,"433":0,"434":0,"435":0,"436":0,"437":0,"438":0,"439":0,"440":0,"441":0,"442":0,"443":0,"444":0,"445":0,"446":0,"447":0,"448":0,"449":0,"450":0,"451":0,"452":0,"453":0,"454":0,"455":0,"456":0,"457":0,"458":0,"459":0,"460":0,"461":0,"462":0,"463":0,"464":0,"465":0,"466":0,"467":0,"468":0,"469":0,"470":0,"471":0,"472":0,"473":0,"474":0,"475":0,"476":0,"477":0,"478":0,"479":0,"480":0,"481":1,"482":1,"483":1,"484":1,"485":1,"486":1,"487":1},"f":{"0":0,"1":0,"2":0,"3":0,"4":0,"5":0,"6":0,"7":0,"8":0,"9":9,"10":7,"11":6,"12":4,"13":6,"14":0,"15":0,"16":0,"17":13,"18":10,"19":0,"20":0,"21":0,"22":0,"23":0,"24":0,"25":0,"26":0,"27":0,"28":0,"29":0,"30":0,"31":0,"32":0,"33":0,"34":0,"35":0,"36":0,"37":0,"38":0,"39":0,"40":0,"41":0,"42":0,"43":0,"44":0,"45":0,"46":0,"47":0,"48":0,"49":0,"50":0,"51":0,"52":0,"53":0,"54":0,"55":0,"56":0,"57":0,"58":0,"59":0,"60":0,"61":0},"b":{"0":[0,0],"1":[0,0,0],"2":[0,0],"3":[0,0],"4":[0,0],"5":[0,0],"6":[0,0],"7":[0],"8":[0],"9":[0],"10":[0,0],"11":[0,0],"12":[0,0],"13":[0,0],"14":[0,0,0],"15":[0,0],"16":[0,0],"17":[0,0],"18":[0,0],"19":[0,0],"20":[0,0],"21":[4],"22":[5],"23":[7],"24":[9,4],"25":[9,7],"26":[1,8],"27":[9,8,8,8],"28":[1,7],"29":[8,8],"30":[1,6],"31":[7,7,6],"32":[3,3],"33":[1,2],"34":[3,0],"35":[3,1],"36":[3,1],"37":[0,3],"38":[0,0],"39":[2,1],"40":[3,3],"41":[0,1],"42":[0,1],"43":[1,0],"44":[2,5],"45":[5,0],"46":[4,2],"47":[6,2],"48":[0,2],"49":[0,2],"50":[3,1],"51":[4,2],"52":[2],"53":[3,3],"54":[6,4],"55":[3,0],"56":[97,97],"57":[97,97],"58":[97,97],"59":[0],"60":[0,0],"61":[0,0],"62":[0,0],"63":[0,0],"64":[0,0],"65":[0,0],"66":[0,0],"67":[3,10],"68":[13,10],"69":[2,8],"70":[2,2],"71":[1,1],"72":[0,1],"73":[1,0],"74":[0,0],"75":[0,0],"76":[0,0],"77":[0,0],"78":[0,0],"79":[0],"80":[0,0],"81":[0],"82":[0,0],"83":[0,0],"84":[0,0],"85":[0,0,0,0],"86":[0,0],"87":[0,0],"88":[0,0],"89":[0,0],"90":[0,0],"91":[0,0],"92":[0,0],"93":[0,0],"94":[0,0],"95":[0,0],"96":[0,0],"97":[0,0],"98":[0],"99":[0,0],"100":[0,0],"101":[0],"102":[0],"103":[0],"104":[0,0],"105":[0,0],"106":[0,0],"107":[0,0],"108":[0,0],"109":[0,0],"110":[0,0],"111":[0,0],"112":[0,0],"113":[0,0],"114":[0,0],"115":[0],"116":[0],"117":[0],"118":[0,0],"119":[0,0],"120":[0,0],"121":[0,0],"122":[0,0],"123":[0,0],"124":[0,0],"125":[0,0],"126":[0,0],"127":[0,0],"128":[0,0,0],"129":[0,0],"130":[0],"131":[0],"132":[0],"133":[0,0],"134":[0,0],"135":[0,0],"136":[0,0],"137":[0,0],"138":[0,0],"139":[0,0],"140":[0,0,0],"141":[0,0],"142":[0,0],"143":[0,0],"144":[0,0],"145":[0,0],"146":[0,0],"147":[0,0],"148":[0,0],"149":[0,0],"150":[0,0],"151":[0,0],"152":[0,0],"153":[0,0],"154":[0,0,0],"155":[0,0],"156":[0,0],"157":[0],"158":[0],"159":[0],"160":[0,0],"161":[0,0],"162":[0,0],"163":[0,0],"164":[0,0],"165":[0,0],"166":[0,0,0],"167":[0,0],"168":[0,0,0],"169":[0,0],"170":[0,0],"171":[0,0],"172":[0,0],"173":[0,0],"174":[0],"175":[0],"176":[0],"177":[0,0],"178":[0,0],"179":[0,0],"180":[0,0],"181":[0,0],"182":[0,0],"183":[0,0,0],"184":[0,0],"185":[0,0],"186":[0,0],"187":[0],"188":[0,0],"189":[0,0],"190":[0,0],"191":[0,0],"192":[0],"193":[0],"194":[0,0],"195":[0,0],"196":[0,0],"197":[0,0]},"_coverageSchema":"1a1c01bbd47fc00a2c39e90264f33305004495a9","hash":"fbb3ea7ee8c29d12070cdff5ecac63983036d7f1"}
}
