TN:
SF:services\openaiService.js
FN:8,initGroqClients
FN:11,(anonymous_1)
FN:11,(anonymous_2)
FN:18,(anonymous_3)
FN:24,getGroq
FN:30,rotateGroqKey
FN:39,(anonymous_6)
FN:60,retryAsync
FN:96,(anonymous_8)
FN:104,detectLanguage
FN:143,cleanTranscript
FN:169,(anonymous_11)
FN:188,withUserPrompt
FN:194,preprocessTranscript
FN:232,findRelevantChunk
FN:236,(anonymous_15)
FN:252,(anonymous_16)
FN:271,postProcessArabic
FN:328,safeParseJSON
FN:374,isInvalidTranscript
FN:385,(anonymous_20)
FN:391,(anonymous_21)
FN:396,(anonymous_22)
FN:414,(anonymous_23)
FN:458,(anonymous_24)
FN:483,(anonymous_25)
FN:513,(anonymous_26)
FN:539,(anonymous_27)
FN:582,(anonymous_28)
FN:593,(anonymous_29)
FN:596,(anonymous_30)
FN:619,(anonymous_31)
FN:667,(anonymous_32)
FN:678,(anonymous_33)
FN:681,(anonymous_34)
FN:705,(anonymous_35)
FN:746,(anonymous_36)
FN:763,(anonymous_37)
FN:766,(anonymous_38)
FN:775,(anonymous_39)
FN:778,(anonymous_40)
FN:784,(anonymous_41)
FN:788,(anonymous_42)
FN:813,(anonymous_43)
FN:868,(anonymous_44)
FN:883,(anonymous_45)
FN:886,(anonymous_46)
FN:893,(anonymous_47)
FN:900,(anonymous_48)
FN:901,(anonymous_49)
FN:905,(anonymous_50)
FN:921,(anonymous_51)
FN:973,(anonymous_52)
FN:988,(anonymous_53)
FN:991,(anonymous_54)
FN:999,(anonymous_55)
FN:1000,(anonymous_56)
FN:1017,(anonymous_57)
FN:1049,(anonymous_58)
FN:1070,(anonymous_59)
FN:1080,(anonymous_60)
FN:1089,(anonymous_61)
FNF:62
FNH:7
FNDA:0,initGroqClients
FNDA:0,(anonymous_1)
FNDA:0,(anonymous_2)
FNDA:0,(anonymous_3)
FNDA:0,getGroq
FNDA:0,rotateGroqKey
FNDA:0,(anonymous_6)
FNDA:0,retryAsync
FNDA:0,(anonymous_8)
FNDA:9,detectLanguage
FNDA:7,cleanTranscript
FNDA:6,(anonymous_11)
FNDA:4,withUserPrompt
FNDA:6,preprocessTranscript
FNDA:0,findRelevantChunk
FNDA:0,(anonymous_15)
FNDA:0,(anonymous_16)
FNDA:13,postProcessArabic
FNDA:10,safeParseJSON
FNDA:0,isInvalidTranscript
FNDA:0,(anonymous_20)
FNDA:0,(anonymous_21)
FNDA:0,(anonymous_22)
FNDA:0,(anonymous_23)
FNDA:0,(anonymous_24)
FNDA:0,(anonymous_25)
FNDA:0,(anonymous_26)
FNDA:0,(anonymous_27)
FNDA:0,(anonymous_28)
FNDA:0,(anonymous_29)
FNDA:0,(anonymous_30)
FNDA:0,(anonymous_31)
FNDA:0,(anonymous_32)
FNDA:0,(anonymous_33)
FNDA:0,(anonymous_34)
FNDA:0,(anonymous_35)
FNDA:0,(anonymous_36)
FNDA:0,(anonymous_37)
FNDA:0,(anonymous_38)
FNDA:0,(anonymous_39)
FNDA:0,(anonymous_40)
FNDA:0,(anonymous_41)
FNDA:0,(anonymous_42)
FNDA:0,(anonymous_43)
FNDA:0,(anonymous_44)
FNDA:0,(anonymous_45)
FNDA:0,(anonymous_46)
FNDA:0,(anonymous_47)
FNDA:0,(anonymous_48)
FNDA:0,(anonymous_49)
FNDA:0,(anonymous_50)
FNDA:0,(anonymous_51)
FNDA:0,(anonymous_52)
FNDA:0,(anonymous_53)
FNDA:0,(anonymous_54)
FNDA:0,(anonymous_55)
FNDA:0,(anonymous_56)
FNDA:0,(anonymous_57)
FNDA:0,(anonymous_58)
FNDA:0,(anonymous_59)
FNDA:0,(anonymous_60)
FNDA:0,(anonymous_61)
DA:1,1
DA:2,1
DA:5,1
DA:6,1
DA:9,0
DA:10,0
DA:11,0
DA:13,0
DA:14,0
DA:15,0
DA:18,0
DA:19,0
DA:20,0
DA:25,0
DA:26,0
DA:27,0
DA:31,0
DA:32,0
DA:33,0
DA:34,0
DA:38,1
DA:40,0
DA:41,0
DA:49,1
DA:51,1
DA:53,1
DA:55,1
DA:57,1
DA:61,0
DA:62,0
DA:63,0
DA:65,0
DA:66,0
DA:67,0
DA:68,0
DA:70,0
DA:73,0
DA:74,0
DA:76,0
DA:78,0
DA:79,0
DA:80,0
DA:84,0
DA:85,0
DA:86,0
DA:90,0
DA:91,0
DA:93,0
DA:96,0
DA:105,9
DA:106,9
DA:109,9
DA:110,8
DA:113,7
DA:114,1
DA:117,6
DA:119,3
DA:123,3
DA:124,3
DA:125,3
DA:126,3
DA:128,3
DA:131,3
DA:134,1
DA:137,1
DA:139,1
DA:144,7
DA:145,5
DA:147,5
DA:150,5
DA:169,5
DA:170,6
DA:172,6
DA:174,2
DA:176,2
DA:178,2
DA:183,5
DA:184,5
DA:189,4
DA:190,1
DA:195,6
DA:198,3
DA:199,3
DA:201,3
DA:202,3
DA:203,3
DA:204,94
DA:205,94
DA:208,3
DA:209,3
DA:210,3
DA:211,3
DA:212,94
DA:213,94
DA:216,3
DA:217,3
DA:218,3
DA:219,3
DA:220,94
DA:221,94
DA:222,94
DA:225,3
DA:233,0
DA:235,0
DA:236,0
DA:239,0
DA:240,0
DA:241,0
DA:244,0
DA:246,0
DA:247,0
DA:248,0
DA:249,0
DA:251,0
DA:252,0
DA:254,0
DA:255,0
DA:258,0
DA:261,0
DA:262,0
DA:263,0
DA:267,0
DA:272,13
DA:273,10
DA:276,10
DA:277,10
DA:280,10
DA:283,10
DA:284,10
DA:285,10
DA:286,10
DA:289,10
DA:290,10
DA:291,10
DA:292,10
DA:293,10
DA:294,10
DA:295,10
DA:296,10
DA:297,10
DA:298,10
DA:299,10
DA:300,10
DA:301,10
DA:302,10
DA:303,10
DA:306,10
DA:307,10
DA:310,10
DA:311,10
DA:314,10
DA:317,10
DA:320,10
DA:321,10
DA:322,10
DA:324,10
DA:329,10
DA:330,8
DA:333,8
DA:336,8
DA:340,4
DA:341,4
DA:342,2
DA:343,2
DA:344,2
DA:348,2
DA:349,2
DA:350,1
DA:351,1
DA:352,1
DA:358,1
DA:359,0
DA:360,0
DA:361,0
DA:362,0
DA:363,0
DA:364,0
DA:369,1
DA:370,1
DA:375,0
DA:376,0
DA:377,0
DA:385,0
DA:392,0
DA:393,0
DA:396,0
DA:397,0
DA:402,0
DA:403,0
DA:404,0
DA:405,0
DA:406,0
DA:407,0
DA:409,0
DA:411,0
DA:414,0
DA:415,0
DA:416,0
DA:420,0
DA:421,0
DA:422,0
DA:426,0
DA:427,0
DA:428,0
DA:431,0
DA:436,0
DA:437,0
DA:438,0
DA:439,0
DA:440,0
DA:444,0
DA:445,0
DA:446,0
DA:449,0
DA:454,0
DA:455,0
DA:456,0
DA:457,0
DA:458,0
DA:459,0
DA:460,0
DA:464,0
DA:465,0
DA:466,0
DA:469,0
DA:470,0
DA:475,0
DA:477,0
DA:478,0
DA:484,0
DA:485,0
DA:487,0
DA:488,0
DA:489,0
DA:490,0
DA:491,0
DA:493,0
DA:509,0
DA:513,0
DA:528,0
DA:529,0
DA:530,0
DA:531,0
DA:533,0
DA:534,0
DA:540,0
DA:541,0
DA:543,0
DA:544,0
DA:545,0
DA:546,0
DA:548,0
DA:550,0
DA:582,0
DA:592,0
DA:593,0
DA:596,0
DA:599,0
DA:600,0
DA:601,0
DA:604,0
DA:605,0
DA:606,0
DA:607,0
DA:608,0
DA:610,0
DA:611,0
DA:613,0
DA:614,0
DA:620,0
DA:621,0
DA:623,0
DA:624,0
DA:625,0
DA:626,0
DA:629,0
DA:631,0
DA:665,0
DA:667,0
DA:677,0
DA:678,0
DA:681,0
DA:684,0
DA:685,0
DA:686,0
DA:689,0
DA:690,0
DA:691,0
DA:692,0
DA:693,0
DA:695,0
DA:696,0
DA:698,0
DA:699,0
DA:700,0
DA:706,0
DA:707,0
DA:708,0
DA:709,0
DA:711,0
DA:712,0
DA:713,0
DA:715,0
DA:744,0
DA:746,0
DA:747,0
DA:750,0
DA:762,0
DA:763,0
DA:766,0
DA:769,0
DA:770,0
DA:771,0
DA:774,0
DA:775,0
DA:776,0
DA:777,0
DA:778,0
DA:782,0
DA:784,0
DA:785,0
DA:787,0
DA:788,0
DA:789,0
DA:790,0
DA:791,0
DA:793,0
DA:795,0
DA:797,0
DA:798,0
DA:801,0
DA:803,0
DA:804,0
DA:805,0
DA:814,0
DA:815,0
DA:817,0
DA:818,0
DA:819,0
DA:820,0
DA:822,0
DA:824,0
DA:866,0
DA:868,0
DA:869,0
DA:879,0
DA:882,0
DA:883,0
DA:886,0
DA:889,0
DA:890,0
DA:891,0
DA:893,0
DA:894,0
DA:895,0
DA:899,0
DA:900,0
DA:901,0
DA:902,0
DA:903,0
DA:904,0
DA:905,0
DA:909,0
DA:910,0
DA:912,0
DA:915,0
DA:916,0
DA:922,0
DA:923,0
DA:925,0
DA:926,0
DA:927,0
DA:928,0
DA:930,0
DA:932,0
DA:971,0
DA:973,0
DA:974,0
DA:984,0
DA:987,0
DA:988,0
DA:991,0
DA:994,0
DA:995,0
DA:996,0
DA:998,0
DA:999,0
DA:1000,0
DA:1001,0
DA:1002,0
DA:1005,0
DA:1006,0
DA:1008,0
DA:1011,0
DA:1012,0
DA:1018,0
DA:1019,0
DA:1020,0
DA:1023,0
DA:1024,0
DA:1027,0
DA:1029,0
DA:1049,0
DA:1059,0
DA:1060,0
DA:1061,0
DA:1063,0
DA:1065,0
DA:1066,0
DA:1071,0
DA:1081,0
DA:1091,0
DA:1092,0
DA:1093,0
DA:1094,0
DA:1095,0
DA:1107,0
DA:1108,0
DA:1110,0
DA:1112,0
DA:1113,0
DA:1114,0
DA:1115,0
DA:1116,0
DA:1128,0
DA:1129,0
DA:1131,0
DA:1133,0
DA:1134,0
DA:1141,1
DA:1144,1
DA:1145,1
DA:1154,1
DA:1155,1
DA:1156,1
DA:1157,1
LF:436
LH:121
BRDA:9,0,0,0
BRDA:9,0,1,0
BRDA:10,1,0,0
BRDA:10,1,1,0
BRDA:10,1,2,0
BRDA:13,2,0,0
BRDA:13,2,1,0
BRDA:19,3,0,0
BRDA:19,3,1,0
BRDA:26,4,0,0
BRDA:26,4,1,0
BRDA:31,5,0,0
BRDA:31,5,1,0
BRDA:41,6,0,0
BRDA:41,6,1,0
BRDA:60,7,0,0
BRDA:60,8,0,0
BRDA:60,9,0,0
BRDA:65,10,0,0
BRDA:65,10,1,0
BRDA:66,11,0,0
BRDA:66,11,1,0
BRDA:74,12,0,0
BRDA:74,12,1,0
BRDA:76,13,0,0
BRDA:76,13,1,0
BRDA:76,14,0,0
BRDA:76,14,1,0
BRDA:76,14,2,0
BRDA:78,15,0,0
BRDA:78,15,1,0
BRDA:78,16,0,0
BRDA:78,16,1,0
BRDA:80,17,0,0
BRDA:80,17,1,0
BRDA:84,18,0,0
BRDA:84,18,1,0
BRDA:90,19,0,0
BRDA:90,19,1,0
BRDA:90,20,0,0
BRDA:90,20,1,0
BRDA:104,21,0,4
BRDA:104,22,0,5
BRDA:104,23,0,7
BRDA:105,24,0,9
BRDA:105,24,1,4
BRDA:106,25,0,9
BRDA:106,25,1,7
BRDA:109,26,0,1
BRDA:109,26,1,8
BRDA:109,27,0,9
BRDA:109,27,1,8
BRDA:109,27,2,8
BRDA:109,27,3,8
BRDA:110,28,0,1
BRDA:110,28,1,7
BRDA:110,29,0,8
BRDA:110,29,1,8
BRDA:113,30,0,1
BRDA:113,30,1,6
BRDA:113,31,0,7
BRDA:113,31,1,7
BRDA:113,31,2,6
BRDA:117,32,0,3
BRDA:117,32,1,3
BRDA:119,33,0,1
BRDA:119,33,1,2
BRDA:123,34,0,3
BRDA:123,34,1,0
BRDA:124,35,0,3
BRDA:124,35,1,1
BRDA:125,36,0,3
BRDA:125,36,1,1
BRDA:128,37,0,0
BRDA:128,37,1,3
BRDA:128,38,0,0
BRDA:128,38,1,0
BRDA:131,39,0,2
BRDA:131,39,1,1
BRDA:131,40,0,3
BRDA:131,40,1,3
BRDA:134,41,0,0
BRDA:134,41,1,1
BRDA:137,42,0,0
BRDA:137,42,1,1
BRDA:137,43,0,1
BRDA:137,43,1,0
BRDA:144,44,0,2
BRDA:144,44,1,5
BRDA:147,45,0,5
BRDA:147,45,1,0
BRDA:172,46,0,4
BRDA:172,46,1,2
BRDA:172,47,0,6
BRDA:172,47,1,2
BRDA:174,48,0,0
BRDA:174,48,1,2
BRDA:176,49,0,0
BRDA:176,49,1,2
BRDA:189,50,0,3
BRDA:189,50,1,1
BRDA:189,51,0,4
BRDA:189,51,1,2
BRDA:194,52,0,2
BRDA:195,53,0,3
BRDA:195,53,1,3
BRDA:195,54,0,6
BRDA:195,54,1,4
BRDA:198,55,0,3
BRDA:198,55,1,0
BRDA:203,56,0,97
BRDA:203,56,1,97
BRDA:211,57,0,97
BRDA:211,57,1,97
BRDA:219,58,0,97
BRDA:219,58,1,97
BRDA:232,59,0,0
BRDA:233,60,0,0
BRDA:233,60,1,0
BRDA:233,61,0,0
BRDA:233,61,1,0
BRDA:239,62,0,0
BRDA:239,62,1,0
BRDA:254,63,0,0
BRDA:254,63,1,0
BRDA:258,64,0,0
BRDA:258,64,1,0
BRDA:261,65,0,0
BRDA:261,65,1,0
BRDA:267,66,0,0
BRDA:267,66,1,0
BRDA:272,67,0,3
BRDA:272,67,1,10
BRDA:272,68,0,13
BRDA:272,68,1,10
BRDA:329,69,0,2
BRDA:329,69,1,8
BRDA:341,70,0,2
BRDA:341,70,1,2
BRDA:349,71,0,1
BRDA:349,71,1,1
BRDA:358,72,0,0
BRDA:358,72,1,1
BRDA:358,73,0,1
BRDA:358,73,1,0
BRDA:362,74,0,0
BRDA:362,74,1,0
BRDA:362,75,0,0
BRDA:362,75,1,0
BRDA:375,76,0,0
BRDA:375,76,1,0
BRDA:375,77,0,0
BRDA:375,77,1,0
BRDA:376,78,0,0
BRDA:376,78,1,0
BRDA:391,79,0,0
BRDA:393,80,0,0
BRDA:393,80,1,0
BRDA:396,81,0,0
BRDA:402,82,0,0
BRDA:402,82,1,0
BRDA:405,83,0,0
BRDA:405,83,1,0
BRDA:415,84,0,0
BRDA:415,84,1,0
BRDA:416,85,0,0
BRDA:416,85,1,0
BRDA:416,85,2,0
BRDA:416,85,3,0
BRDA:420,86,0,0
BRDA:420,86,1,0
BRDA:426,87,0,0
BRDA:426,87,1,0
BRDA:426,88,0,0
BRDA:426,88,1,0
BRDA:431,89,0,0
BRDA:431,89,1,0
BRDA:436,90,0,0
BRDA:436,90,1,0
BRDA:444,91,0,0
BRDA:444,91,1,0
BRDA:444,92,0,0
BRDA:444,92,1,0
BRDA:449,93,0,0
BRDA:449,93,1,0
BRDA:454,94,0,0
BRDA:454,94,1,0
BRDA:464,95,0,0
BRDA:464,95,1,0
BRDA:464,96,0,0
BRDA:464,96,1,0
BRDA:470,97,0,0
BRDA:470,97,1,0
BRDA:483,98,0,0
BRDA:491,99,0,0
BRDA:491,99,1,0
BRDA:509,100,0,0
BRDA:509,100,1,0
BRDA:539,101,0,0
BRDA:539,102,0,0
BRDA:539,103,0,0
BRDA:540,104,0,0
BRDA:540,104,1,0
BRDA:545,105,0,0
BRDA:545,105,1,0
BRDA:546,106,0,0
BRDA:546,106,1,0
BRDA:550,107,0,0
BRDA:550,107,1,0
BRDA:586,108,0,0
BRDA:586,108,1,0
BRDA:601,109,0,0
BRDA:601,109,1,0
BRDA:604,110,0,0
BRDA:604,110,1,0
BRDA:604,111,0,0
BRDA:604,111,1,0
BRDA:608,112,0,0
BRDA:608,112,1,0
BRDA:608,113,0,0
BRDA:608,113,1,0
BRDA:614,114,0,0
BRDA:614,114,1,0
BRDA:619,115,0,0
BRDA:619,116,0,0
BRDA:619,117,0,0
BRDA:620,118,0,0
BRDA:620,118,1,0
BRDA:625,119,0,0
BRDA:625,119,1,0
BRDA:626,120,0,0
BRDA:626,120,1,0
BRDA:631,121,0,0
BRDA:631,121,1,0
BRDA:671,122,0,0
BRDA:671,122,1,0
BRDA:686,123,0,0
BRDA:686,123,1,0
BRDA:689,124,0,0
BRDA:689,124,1,0
BRDA:689,125,0,0
BRDA:689,125,1,0
BRDA:693,126,0,0
BRDA:693,126,1,0
BRDA:693,127,0,0
BRDA:693,127,1,0
BRDA:699,128,0,0
BRDA:699,128,1,0
BRDA:699,128,2,0
BRDA:700,129,0,0
BRDA:700,129,1,0
BRDA:705,130,0,0
BRDA:705,131,0,0
BRDA:705,132,0,0
BRDA:708,133,0,0
BRDA:708,133,1,0
BRDA:715,134,0,0
BRDA:715,134,1,0
BRDA:754,135,0,0
BRDA:754,135,1,0
BRDA:769,136,0,0
BRDA:769,136,1,0
BRDA:771,137,0,0
BRDA:771,137,1,0
BRDA:771,138,0,0
BRDA:771,138,1,0
BRDA:774,139,0,0
BRDA:774,139,1,0
BRDA:774,140,0,0
BRDA:774,140,1,0
BRDA:774,140,2,0
BRDA:775,141,0,0
BRDA:775,141,1,0
BRDA:776,142,0,0
BRDA:776,142,1,0
BRDA:777,143,0,0
BRDA:777,143,1,0
BRDA:782,144,0,0
BRDA:782,144,1,0
BRDA:782,145,0,0
BRDA:782,145,1,0
BRDA:785,146,0,0
BRDA:785,146,1,0
BRDA:785,147,0,0
BRDA:785,147,1,0
BRDA:787,148,0,0
BRDA:787,148,1,0
BRDA:787,149,0,0
BRDA:787,149,1,0
BRDA:789,150,0,0
BRDA:789,150,1,0
BRDA:791,151,0,0
BRDA:791,151,1,0
BRDA:793,152,0,0
BRDA:793,152,1,0
BRDA:795,153,0,0
BRDA:795,153,1,0
BRDA:804,154,0,0
BRDA:804,154,1,0
BRDA:804,154,2,0
BRDA:806,155,0,0
BRDA:806,155,1,0
BRDA:807,156,0,0
BRDA:807,156,1,0
BRDA:813,157,0,0
BRDA:813,158,0,0
BRDA:813,159,0,0
BRDA:814,160,0,0
BRDA:814,160,1,0
BRDA:819,161,0,0
BRDA:819,161,1,0
BRDA:819,162,0,0
BRDA:819,162,1,0
BRDA:824,163,0,0
BRDA:824,163,1,0
BRDA:889,164,0,0
BRDA:889,164,1,0
BRDA:891,165,0,0
BRDA:891,165,1,0
BRDA:891,166,0,0
BRDA:891,166,1,0
BRDA:891,166,2,0
BRDA:894,167,0,0
BRDA:894,167,1,0
BRDA:894,168,0,0
BRDA:894,168,1,0
BRDA:894,168,2,0
BRDA:895,169,0,0
BRDA:895,169,1,0
BRDA:899,170,0,0
BRDA:899,170,1,0
BRDA:901,171,0,0
BRDA:901,171,1,0
BRDA:901,172,0,0
BRDA:901,172,1,0
BRDA:904,173,0,0
BRDA:904,173,1,0
BRDA:921,174,0,0
BRDA:921,175,0,0
BRDA:921,176,0,0
BRDA:922,177,0,0
BRDA:922,177,1,0
BRDA:927,178,0,0
BRDA:927,178,1,0
BRDA:927,179,0,0
BRDA:927,179,1,0
BRDA:932,180,0,0
BRDA:932,180,1,0
BRDA:994,181,0,0
BRDA:994,181,1,0
BRDA:996,182,0,0
BRDA:996,182,1,0
BRDA:996,183,0,0
BRDA:996,183,1,0
BRDA:996,183,2,0
BRDA:998,184,0,0
BRDA:998,184,1,0
BRDA:1000,185,0,0
BRDA:1000,185,1,0
BRDA:1000,186,0,0
BRDA:1000,186,1,0
BRDA:1017,187,0,0
BRDA:1019,188,0,0
BRDA:1019,188,1,0
BRDA:1019,189,0,0
BRDA:1019,189,1,0
BRDA:1029,190,0,0
BRDA:1029,190,1,0
BRDA:1061,191,0,0
BRDA:1061,191,1,0
BRDA:1089,192,0,0
BRDA:1089,193,0,0
BRDA:1093,194,0,0
BRDA:1093,194,1,0
BRDA:1107,195,0,0
BRDA:1107,195,1,0
BRDA:1115,196,0,0
BRDA:1115,196,1,0
BRDA:1128,197,0,0
BRDA:1128,197,1,0
BRF:380
BRH:76
end_of_record
